Watching for file changes with StatReloader
Waiting for apps ready_event.
Apps ready_event triggered. Sending autoreload_started signal.
Watching dir /Users/sourabhupadhye/DJango_proprac/middlewareProject1/locale with glob **/*.mo.
Watching dir /Users/sourabhupadhye/DJango_proprac/middlewareProject1/testApp/locale with glob **/*.mo.
(0.001) 
            SELECT name, type FROM sqlite_master
            WHERE type in ('table', 'view') AND NOT name='sqlite_sequence'
            ORDER BY name; args=None
File /Users/sourabhupadhye/DJango_proprac/middlewareProject1/middlewareProject1/urls.py first seen with mtime 1620153118.5564437
File /Users/sourabhupadhye/opt/anaconda3/lib/python3.8/site-packages/django/core/mail/__init__.py first seen with mtime 1617296026.9960954
File /Users/sourabhupadhye/opt/anaconda3/lib/python3.8/site-packages/django/db/models/sql/subqueries.py first seen with mtime 1617296027.128666
File /Users/sourabhupadhye/opt/anaconda3/lib/python3.8/site-packages/django/utils/lorem_ipsum.py first seen with mtime 1617296027.2927582
File /Users/sourabhupadhye/opt/anaconda3/lib/python3.8/re.py first seen with mtime 1599204245.0
File /Users/sourabhupadhye/opt/anaconda3/lib/python3.8/copy.py first seen with mtime 1599204245.0
File /Users/sourabhupadhye/opt/anaconda3/lib/python3.8/site-packages/jinja2/utils.py first seen with mtime 1588170723.0
File /Users/sourabhupadhye/opt/anaconda3/lib/python3.8/site-packages/django/db/models/fields/related.py first seen with mtime 1617296027.114884
File /Users/sourabhupadhye/opt/anaconda3/lib/python3.8/getpass.py first seen with mtime 1599204245.0
File /Users/sourabhupadhye/opt/anaconda3/lib/python3.8/site-packages/sqlparse/formatter.py first seen with mtime 1617296024.2065976
File /Users/sourabhupadhye/opt/anaconda3/lib/python3.8/site-packages/django/contrib/admin/decorators.py first seen with mtime 1617296024.7080433
File /Users/sourabhupadhye/opt/anaconda3/lib/python3.8/site-packages/django/db/models/aggregates.py first seen with mtime 1617296027.097586
File /Users/sourabhupadhye/opt/anaconda3/lib/python3.8/site-packages/django/views/generic/edit.py first seen with mtime 1617296027.3210874
File /Users/sourabhupadhye/opt/anaconda3/lib/python3.8/site-packages/django/contrib/sessions/apps.py first seen with mtime 1617296026.6520991
File /Users/sourabhupadhye/opt/anaconda3/lib/python3.8/site-packages/django/template/response.py first seen with mtime 1617296027.1953547
File /Users/sourabhupadhye/opt/anaconda3/lib/python3.8/pkgutil.py first seen with mtime 1599204245.0
File /Users/sourabhupadhye/opt/anaconda3/lib/python3.8/json/scanner.py first seen with mtime 1599204247.0
File /Users/sourabhupadhye/opt/anaconda3/lib/python3.8/distutils/version.py first seen with mtime 1599204248.0
File /Users/sourabhupadhye/opt/anaconda3/lib/python3.8/site-packages/django/template/backends/jinja2.py first seen with mtime 1617296027.2009149
File /Users/sourabhupadhye/opt/anaconda3/lib/python3.8/site-packages/django/urls/conf.py first seen with mtime 1617296027.2455761
File /Users/sourabhupadhye/opt/anaconda3/lib/python3.8/site-packages/django/views/generic/list.py first seen with mtime 1617296027.3216877
File /Users/sourabhupadhye/DJango_proprac/middlewareProject1/middlewareProject1/settings.py first seen with mtime 1620157583.7136383
File /Users/sourabhupadhye/opt/anaconda3/lib/python3.8/site-packages/django/utils/baseconv.py first seen with mtime 1617296027.2746646
File /Users/sourabhupadhye/opt/anaconda3/lib/python3.8/site-packages/django/forms/models.py first seen with mtime 1617296027.1374059
File /Users/sourabhupadhye/opt/anaconda3/lib/python3.8/struct.py first seen with mtime 1599204245.0
File /Users/sourabhupadhye/opt/anaconda3/lib/python3.8/site-packages/django/core/files/images.py first seen with mtime 1617296026.988415
File /Users/sourabhupadhye/opt/anaconda3/lib/python3.8/site-packages/jinja2/lexer.py first seen with mtime 1588170723.0
File /Users/sourabhupadhye/opt/anaconda3/lib/python3.8/site-packages/django/utils/asyncio.py first seen with mtime 1617296027.2732832
File /Users/sourabhupadhye/opt/anaconda3/lib/python3.8/site-packages/django/contrib/staticfiles/views.py first seen with mtime 1617296026.9643402
File /Users/sourabhupadhye/opt/anaconda3/lib/python3.8/_markupbase.py first seen with mtime 1599204245.0
File /Users/sourabhupadhye/opt/anaconda3/lib/python3.8/site-packages/django/db/migrations/operations/utils.py first seen with mtime 1617296027.0963407
File /Users/sourabhupadhye/opt/anaconda3/lib/python3.8/difflib.py first seen with mtime 1599204245.0
File /Users/sourabhupadhye/DJango_proprac/middlewareProject1/testApp/__init__.py first seen with mtime 1620152577.9316669
File /Users/sourabhupadhye/opt/anaconda3/lib/python3.8/lib-dynload/_posixsubprocess.cpython-38-darwin.so first seen with mtime 1617218345.0353942
File /Users/sourabhupadhye/opt/anaconda3/lib/python3.8/site-packages/django/contrib/auth/validators.py first seen with mtime 1617296025.4150095
File /Users/sourabhupadhye/opt/anaconda3/lib/python3.8/site-packages/django/contrib/admin/helpers.py first seen with mtime 1617296024.711905
File /Users/sourabhupadhye/opt/anaconda3/lib/python3.8/site-packages/asgiref/__init__.py first seen with mtime 1617296024.2929287
File /Users/sourabhupadhye/opt/anaconda3/lib/python3.8/calendar.py first seen with mtime 1599204245.0
File /Users/sourabhupadhye/opt/anaconda3/lib/python3.8/lib-dynload/unicodedata.cpython-38-darwin.so first seen with mtime 1617218345.2847292
File /Users/sourabhupadhye/opt/anaconda3/lib/python3.8/site-packages/django/utils/cache.py first seen with mtime 1617296027.2753851
File /Users/sourabhupadhye/opt/anaconda3/lib/python3.8/statistics.py first seen with mtime 1599204245.0
File /Users/sourabhupadhye/opt/anaconda3/lib/python3.8/site-packages/django/contrib/admin/exceptions.py first seen with mtime 1617296024.7091095
File /Users/sourabhupadhye/opt/anaconda3/lib/python3.8/types.py first seen with mtime 1599204245.0
File /Users/sourabhupadhye/opt/anaconda3/lib/python3.8/site-packages/sqlparse/sql.py first seen with mtime 1617296024.208484
File /Users/sourabhupadhye/opt/anaconda3/lib/python3.8/collections/__init__.py first seen with mtime 1599204247.0
File /Users/sourabhupadhye/opt/anaconda3/lib/python3.8/site-packages/django/core/handlers/exception.py first seen with mtime 1617296026.9949608
File /Users/sourabhupadhye/opt/anaconda3/lib/python3.8/site-packages/django/middleware/cache.py first seen with mtime 1617296027.18064
File /Users/sourabhupadhye/opt/anaconda3/lib/python3.8/site-packages/django/template/__init__.py first seen with mtime 1617296027.1880977
File /Users/sourabhupadhye/opt/anaconda3/lib/python3.8/site-packages/jinja2/idtracking.py first seen with mtime 1588170723.0
File /Users/sourabhupadhye/opt/anaconda3/lib/python3.8/email/message.py first seen with mtime 1599204247.0
File /Users/sourabhupadhye/opt/anaconda3/lib/python3.8/site-packages/django/core/checks/database.py first seen with mtime 1617296026.9797077
File /Users/sourabhupadhye/opt/anaconda3/lib/python3.8/site-packages/django/http/multipartparser.py first seen with mtime 1617296027.1774845
File /Users/sourabhupadhye/opt/anaconda3/lib/python3.8/site-packages/django/utils/timezone.py first seen with mtime 1617296027.300453
File /Users/sourabhupadhye/opt/anaconda3/lib/python3.8/site-packages/django/core/cache/__init__.py first seen with mtime 1617296026.9736278
File /Users/sourabhupadhye/opt/anaconda3/lib/python3.8/ast.py first seen with mtime 1599204245.0
File /Users/sourabhupadhye/opt/anaconda3/lib/python3.8/site-packages/django/contrib/sites/shortcuts.py first seen with mtime 1617296026.8017273
File /Users/sourabhupadhye/opt/anaconda3/lib/python3.8/lib-dynload/_heapq.cpython-38-darwin.so first seen with mtime 1617218344.972214
File /Users/sourabhupadhye/opt/anaconda3/lib/python3.8/site-packages/django/templatetags/static.py first seen with mtime 1617296027.2098897
File /Users/sourabhupadhye/opt/anaconda3/lib/python3.8/email/_parseaddr.py first seen with mtime 1599204247.0
File /Users/sourabhupadhye/opt/anaconda3/lib/python3.8/asyncio/staggered.py first seen with mtime 1599204247.0
File /Users/sourabhupadhye/opt/anaconda3/lib/python3.8/email/base64mime.py first seen with mtime 1599204247.0
File /Users/sourabhupadhye/opt/anaconda3/lib/python3.8/site-packages/django/db/models/sql/__init__.py first seen with mtime 1617296027.1241155
File /Users/sourabhupadhye/opt/anaconda3/lib/python3.8/site-packages/django/utils/crypto.py first seen with mtime 1617296027.2759814
File /Users/sourabhupadhye/opt/anaconda3/lib/python3.8/site-packages/django/contrib/auth/signals.py first seen with mtime 1617296025.4136503
File /Users/sourabhupadhye/opt/anaconda3/lib/python3.8/site-packages/django/db/backends/base/validation.py first seen with mtime 1617296027.0474386
File /Users/sourabhupadhye/opt/anaconda3/lib/python3.8/site-packages/django/core/serializers/__init__.py first seen with mtime 1617296027.0236638
File /Users/sourabhupadhye/opt/anaconda3/lib/python3.8/genericpath.py first seen with mtime 1599204245.0
File /Users/sourabhupadhye/opt/anaconda3/lib/python3.8/signal.py first seen with mtime 1599204245.0
File /Users/sourabhupadhye/opt/anaconda3/lib/python3.8/hmac.py first seen with mtime 1599204245.0
File /Users/sourabhupadhye/opt/anaconda3/lib/python3.8/json/decoder.py first seen with mtime 1599204247.0
File /Users/sourabhupadhye/opt/anaconda3/lib/python3.8/site-packages/django/db/models/base.py first seen with mtime 1617296027.0988038
File /Users/sourabhupadhye/opt/anaconda3/lib/python3.8/site-packages/asgiref/local.py first seen with mtime 1617296024.2942867
File /Users/sourabhupadhye/opt/anaconda3/lib/python3.8/site-packages/asgiref/current_thread_executor.py first seen with mtime 1617296024.2938335
File /Users/sourabhupadhye/opt/anaconda3/lib/python3.8/site-packages/django/contrib/auth/hashers.py first seen with mtime 1617296025.4111655
File /Users/sourabhupadhye/opt/anaconda3/lib/python3.8/ntpath.py first seen with mtime 1599204245.0
File /Users/sourabhupadhye/opt/anaconda3/lib/python3.8/site-packages/django/core/management/__init__.py first seen with mtime 1617296027.0043383
File /Users/sourabhupadhye/opt/anaconda3/lib/python3.8/site-packages/django/apps/__init__.py first seen with mtime 1617296024.3653336
File /Users/sourabhupadhye/opt/anaconda3/lib/python3.8/site-packages/jinja2/optimizer.py first seen with mtime 1588170723.0
File /Users/sourabhupadhye/opt/anaconda3/lib/python3.8/http/client.py first seen with mtime 1599204248.0
File /Users/sourabhupadhye/opt/anaconda3/lib/python3.8/site-packages/django/utils/datastructures.py first seen with mtime 1617296027.2765515
File /Users/sourabhupadhye/opt/anaconda3/lib/python3.8/site-packages/django/middleware/__init__.py first seen with mtime 1617296027.1800506
File /Users/sourabhupadhye/opt/anaconda3/lib/python3.8/site-packages/django/template/backends/__init__.py first seen with mtime 1617296027.1971717
File /Users/sourabhupadhye/opt/anaconda3/lib/python3.8/site-packages/django/core/checks/security/sessions.py first seen with mtime 1617296026.986663
File /Users/sourabhupadhye/opt/anaconda3/lib/python3.8/site-packages/django/contrib/staticfiles/__init__.py first seen with mtime 1617296026.959518
File /Users/sourabhupadhye/opt/anaconda3/lib/python3.8/io.py first seen with mtime 1599204245.0
File /Users/sourabhupadhye/opt/anaconda3/lib/python3.8/abc.py first seen with mtime 1599204245.0
File /Users/sourabhupadhye/opt/anaconda3/lib/python3.8/lib-dynload/zlib.cpython-38-darwin.so first seen with mtime 1617218345.3036592
File /Users/sourabhupadhye/opt/anaconda3/lib/python3.8/site-packages/django/core/files/temp.py first seen with mtime 1617296026.990627
File /Users/sourabhupadhye/opt/anaconda3/lib/python3.8/site-packages/django/core/paginator.py first seen with mtime 1617296026.9708917
File /Users/sourabhupadhye/opt/anaconda3/lib/python3.8/site-packages/django/db/models/expressions.py first seen with mtime 1617296027.1031547
File /Users/sourabhupadhye/opt/anaconda3/lib/python3.8/site-packages/django/forms/__init__.py first seen with mtime 1617296027.1320796
File /Users/sourabhupadhye/opt/anaconda3/lib/python3.8/site-packages/django/template/smartif.py first seen with mtime 1617296027.1963096
File /Users/sourabhupadhye/opt/anaconda3/lib/python3.8/site-packages/django/utils/deconstruct.py first seen with mtime 1617296027.281761
File /Users/sourabhupadhye/opt/anaconda3/lib/python3.8/site-packages/django/views/decorators/__init__.py first seen with mtime 1617296027.3125575
File /Users/sourabhupadhye/opt/anaconda3/lib/python3.8/sre_constants.py first seen with mtime 1599204245.0
File /Users/sourabhupadhye/opt/anaconda3/lib/python3.8/functools.py first seen with mtime 1599204245.0
File /Users/sourabhupadhye/opt/anaconda3/lib/python3.8/site-packages/jinja2/environment.py first seen with mtime 1588170723.0
File /Users/sourabhupadhye/opt/anaconda3/lib/python3.8/lib-dynload/_datetime.cpython-38-darwin.so first seen with mtime 1617218344.9336524
File /Users/sourabhupadhye/opt/anaconda3/lib/python3.8/asyncio/__init__.py first seen with mtime 1599204247.0
File /Users/sourabhupadhye/opt/anaconda3/lib/python3.8/site-packages/sqlparse/keywords.py first seen with mtime 1617296024.2071795
File /Users/sourabhupadhye/opt/anaconda3/lib/python3.8/site-packages/django/db/migrations/migration.py first seen with mtime 1617296027.0859904
File /Users/sourabhupadhye/opt/anaconda3/lib/python3.8/site-packages/zope/__init__.py first seen with mtime 1573662590.0
File /Users/sourabhupadhye/opt/anaconda3/lib/python3.8/site-packages/django/utils/translation/__init__.py first seen with mtime 1617296027.3046393
File /Users/sourabhupadhye/opt/anaconda3/lib/python3.8/site-packages/django/core/signing.py first seen with mtime 1617296026.971993
File /Users/sourabhupadhye/opt/anaconda3/lib/python3.8/site-packages/django/utils/hashable.py first seen with mtime 1617296027.2871497
File /Users/sourabhupadhye/opt/anaconda3/lib/python3.8/site-packages/django/db/models/functions/window.py first seen with mtime 1617296027.1233263
File /Users/sourabhupadhye/opt/anaconda3/lib/python3.8/warnings.py first seen with mtime 1599204245.0
File /Users/sourabhupadhye/opt/anaconda3/lib/python3.8/site-packages/django/template/defaulttags.py first seen with mtime 1617296027.1916976
File /Users/sourabhupadhye/opt/anaconda3/lib/python3.8/lib-dynload/math.cpython-38-darwin.so first seen with mtime 1617218345.2134197
File /Users/sourabhupadhye/opt/anaconda3/lib/python3.8/site-packages/django/core/files/locks.py first seen with mtime 1617296026.9888725
File /Users/sourabhupadhye/opt/anaconda3/lib/python3.8/site-packages/django/core/handlers/asgi.py first seen with mtime 1617296026.9936028
File /Users/sourabhupadhye/opt/anaconda3/lib/python3.8/site-packages/django/forms/widgets.py first seen with mtime 1617296027.1393168
File /Users/sourabhupadhye/opt/anaconda3/lib/python3.8/site-packages/django/template/exceptions.py first seen with mtime 1617296027.1929967
File /Users/sourabhupadhye/opt/anaconda3/lib/python3.8/site-packages/django/db/models/query_utils.py first seen with mtime 1617296027.1087003
File /Users/sourabhupadhye/opt/anaconda3/lib/python3.8/site-packages/django/contrib/messages/apps.py first seen with mtime 1617296026.3021142
File /Users/sourabhupadhye/opt/anaconda3/lib/python3.8/site-packages/django/db/models/functions/comparison.py first seen with mtime 1617296027.1198893
File /Users/sourabhupadhye/opt/anaconda3/lib/python3.8/site-packages/django/core/files/storage.py first seen with mtime 1617296026.9902012
File /Users/sourabhupadhye/opt/anaconda3/lib/python3.8/_compression.py first seen with mtime 1599204245.0
File /Users/sourabhupadhye/opt/anaconda3/lib/python3.8/site-packages/django/utils/ipv6.py first seen with mtime 1617296027.2895217
File /Users/sourabhupadhye/opt/anaconda3/lib/python3.8/site-packages/django/db/models/query.py first seen with mtime 1617296027.108015
File /Users/sourabhupadhye/opt/anaconda3/lib/python3.8/wsgiref/handlers.py first seen with mtime 1599204248.0
File /Users/sourabhupadhye/opt/anaconda3/lib/python3.8/fnmatch.py first seen with mtime 1599204245.0
File /Users/sourabhupadhye/opt/anaconda3/lib/python3.8/site-packages/django/core/checks/caches.py first seen with mtime 1617296026.9792535
File /Users/sourabhupadhye/opt/anaconda3/lib/python3.8/tokenize.py first seen with mtime 1599204245.0
File /Users/sourabhupadhye/opt/anaconda3/lib/python3.8/argparse.py first seen with mtime 1599204245.0
File /Users/sourabhupadhye/opt/anaconda3/lib/python3.8/site-packages/django/contrib/sessions/models.py first seen with mtime 1617296026.6545117
File /Users/sourabhupadhye/opt/anaconda3/lib/python3.8/pathlib.py first seen with mtime 1599204245.0
File /Users/sourabhupadhye/opt/anaconda3/lib/python3.8/site-packages/sqlparse/filters/aligned_indent.py first seen with mtime 1617296024.215189
File /Users/sourabhupadhye/opt/anaconda3/lib/python3.8/site-packages/django/core/checks/urls.py first seen with mtime 1617296026.9829967
File /Users/sourabhupadhye/opt/anaconda3/lib/python3.8/site-packages/django/templatetags/cache.py first seen with mtime 1617296027.2083392
File /Users/sourabhupadhye/opt/anaconda3/lib/python3.8/site-packages/django/contrib/auth/apps.py first seen with mtime 1617296025.402557
File /Users/sourabhupadhye/opt/anaconda3/lib/python3.8/site-packages/django/db/backends/base/features.py first seen with mtime 1617296027.0424566
File /Users/sourabhupadhye/opt/anaconda3/lib/python3.8/http/cookies.py first seen with mtime 1599204248.0
File /Users/sourabhupadhye/opt/anaconda3/lib/python3.8/urllib/error.py first seen with mtime 1599204248.0
File /Users/sourabhupadhye/opt/anaconda3/lib/python3.8/urllib/request.py first seen with mtime 1599204248.0
File /Users/sourabhupadhye/opt/anaconda3/lib/python3.8/site-packages/django/utils/http.py first seen with mtime 1617296027.2884777
File /Users/sourabhupadhye/opt/anaconda3/lib/python3.8/wsgiref/__init__.py first seen with mtime 1599204248.0
File /Users/sourabhupadhye/opt/anaconda3/lib/python3.8/email/header.py first seen with mtime 1599204247.0
File /Users/sourabhupadhye/opt/anaconda3/lib/python3.8/site-packages/django/utils/termcolors.py first seen with mtime 1617296027.2970662
File /Users/sourabhupadhye/opt/anaconda3/lib/python3.8/site-packages/jinja2/bccache.py first seen with mtime 1588170723.0
File /Users/sourabhupadhye/opt/anaconda3/lib/python3.8/lib-dynload/_scproxy.cpython-38-darwin.so first seen with mtime 1617218345.0525467
File /Users/sourabhupadhye/opt/anaconda3/lib/python3.8/concurrent/__init__.py first seen with mtime 1599204247.0
File /Users/sourabhupadhye/opt/anaconda3/lib/python3.8/asyncio/coroutines.py first seen with mtime 1599204247.0
File /Users/sourabhupadhye/opt/anaconda3/lib/python3.8/site-packages/django/utils/duration.py first seen with mtime 1617296027.2837133
File /Users/sourabhupadhye/opt/anaconda3/lib/python3.8/site-packages/django/db/models/signals.py first seen with mtime 1617296027.109254
File /Users/sourabhupadhye/opt/anaconda3/lib/python3.8/site-packages/django/db/models/functions/math.py first seen with mtime 1617296027.1212404
File /Users/sourabhupadhye/opt/anaconda3/lib/python3.8/site-packages/django/template/base.py first seen with mtime 1617296027.1888309
File /Users/sourabhupadhye/opt/anaconda3/lib/python3.8/site-packages/django/contrib/admin/filters.py first seen with mtime 1617296024.7100983
File /Users/sourabhupadhye/opt/anaconda3/lib/python3.8/asyncio/events.py first seen with mtime 1599204247.0
File /Users/sourabhupadhye/opt/anaconda3/lib/python3.8/site-packages/django/db/migrations/operations/models.py first seen with mtime 1617296027.095304
File /Users/sourabhupadhye/opt/anaconda3/lib/python3.8/site-packages/django/utils/datetime_safe.py first seen with mtime 1617296027.2808824
File /Users/sourabhupadhye/opt/anaconda3/lib/python3.8/lib-dynload/_sha3.cpython-38-darwin.so first seen with mtime 1617218345.072218
File /Users/sourabhupadhye/opt/anaconda3/lib/python3.8/asyncio/transports.py first seen with mtime 1599204247.0
File /Users/sourabhupadhye/opt/anaconda3/lib/python3.8/site-packages/django/conf/locale/__init__.py first seen with mtime 1617296024.3729436
File /Users/sourabhupadhye/opt/anaconda3/lib/python3.8/site-packages/django/http/response.py first seen with mtime 1617296027.1794868
File /Users/sourabhupadhye/opt/anaconda3/lib/python3.8/site-packages/django/core/servers/basehttp.py first seen with mtime 1617296027.0305858
File /Users/sourabhupadhye/opt/anaconda3/lib/python3.8/site-packages/django/templatetags/__init__.py first seen with mtime 1617296027.207602
File /Users/sourabhupadhye/opt/anaconda3/lib/python3.8/site-packages/django/__init__.py first seen with mtime 1617296024.3633869
File /Users/sourabhupadhye/opt/anaconda3/lib/python3.8/site-packages/django/contrib/auth/forms.py first seen with mtime 1617296025.4105394
File /Users/sourabhupadhye/opt/anaconda3/lib/python3.8/site-packages/django/core/serializers/base.py first seen with mtime 1617296027.0243287
File /Users/sourabhupadhye/opt/anaconda3/lib/python3.8/_bootlocale.py first seen with mtime 1599204245.0
File /Users/sourabhupadhye/opt/anaconda3/lib/python3.8/codecs.py first seen with mtime 1599204245.0
File /Users/sourabhupadhye/opt/anaconda3/lib/python3.8/site-packages/django/utils/inspect.py first seen with mtime 1617296027.2889853
File /Users/sourabhupadhye/opt/anaconda3/lib/python3.8/site-packages/jinja2/_identifier.py first seen with mtime 1588170723.0
File /Users/sourabhupadhye/opt/anaconda3/lib/python3.8/wsgiref/headers.py first seen with mtime 1599204248.0
File /Users/sourabhupadhye/opt/anaconda3/lib/python3.8/asyncio/exceptions.py first seen with mtime 1599204247.0
File /Users/sourabhupadhye/opt/anaconda3/lib/python3.8/importlib/abc.py first seen with mtime 1599204247.0
File /Users/sourabhupadhye/opt/anaconda3/lib/python3.8/site-packages/django/db/backends/base/creation.py first seen with mtime 1617296027.0418456
File /Users/sourabhupadhye/opt/anaconda3/lib/python3.8/socketserver.py first seen with mtime 1599204245.0
File /Users/sourabhupadhye/opt/anaconda3/lib/python3.8/asyncio/base_tasks.py first seen with mtime 1599204247.0
File /Users/sourabhupadhye/opt/anaconda3/lib/python3.8/asyncio/constants.py first seen with mtime 1599204247.0
File /Users/sourabhupadhye/opt/anaconda3/lib/python3.8/site-packages/django/template/backends/base.py first seen with mtime 1617296027.1976235
File /Users/sourabhupadhye/opt/anaconda3/lib/python3.8/lib-dynload/_opcode.cpython-38-darwin.so first seen with mtime 1617218345.0150933
File /Users/sourabhupadhye/opt/anaconda3/lib/python3.8/site-packages/django/templatetags/tz.py first seen with mtime 1617296027.2103438
File /Users/sourabhupadhye/opt/anaconda3/lib/python3.8/site-packages/jinja2/_compat.py first seen with mtime 1588170723.0
File /Users/sourabhupadhye/opt/anaconda3/lib/python3.8/gettext.py first seen with mtime 1599204245.0
File /Users/sourabhupadhye/opt/anaconda3/lib/python3.8/site-packages/sqlparse/filters/others.py first seen with mtime 1617296024.2164714
File /Users/sourabhupadhye/opt/anaconda3/lib/python3.8/site-packages/django/db/backends/base/operations.py first seen with mtime 1617296027.0440538
File /Users/sourabhupadhye/opt/anaconda3/lib/python3.8/site-packages/django/utils/dateparse.py first seen with mtime 1617296027.2780907
File /Users/sourabhupadhye/opt/anaconda3/lib/python3.8/site-packages/django/db/migrations/__init__.py first seen with mtime 1617296027.078983
File /Users/sourabhupadhye/opt/anaconda3/lib/python3.8/fractions.py first seen with mtime 1599204245.0
File /Users/sourabhupadhye/opt/anaconda3/lib/python3.8/site-packages/django/http/__init__.py first seen with mtime 1617296027.1758244
File /Users/sourabhupadhye/opt/anaconda3/lib/python3.8/site-packages/jinja2/__init__.py first seen with mtime 1588170723.0
File /Users/sourabhupadhye/opt/anaconda3/lib/python3.8/site-packages/django/core/serializers/python.py first seen with mtime 1617296027.0269582
File /Users/sourabhupadhye/opt/anaconda3/lib/python3.8/site-packages/django/db/__init__.py first seen with mtime 1617296027.0332382
File /Users/sourabhupadhye/opt/anaconda3/lib/python3.8/site-packages/django/http/cookie.py first seen with mtime 1617296027.1763744
File /Users/sourabhupadhye/opt/anaconda3/lib/python3.8/site-packages/django/utils/autoreload.py first seen with mtime 1617296027.2740765
File /Users/sourabhupadhye/opt/anaconda3/lib/python3.8/email/mime/nonmultipart.py first seen with mtime 1599204247.0
File /Users/sourabhupadhye/opt/anaconda3/lib/python3.8/site-packages/django/db/models/functions/datetime.py first seen with mtime 1617296027.120702
File /Users/sourabhupadhye/opt/anaconda3/lib/python3.8/site-packages/django/db/models/utils.py first seen with mtime 1617296027.1097589
File /Users/sourabhupadhye/opt/anaconda3/lib/python3.8/logging/handlers.py first seen with mtime 1599204248.0
File /Users/sourabhupadhye/opt/anaconda3/lib/python3.8/site-packages/django/core/handlers/__init__.py first seen with mtime 1617296026.9931307
File /Users/sourabhupadhye/opt/anaconda3/lib/python3.8/email/policy.py first seen with mtime 1599204247.0
File /Users/sourabhupadhye/opt/anaconda3/lib/python3.8/site-packages/django/core/checks/security/__init__.py first seen with mtime 1617296026.984487
File /Users/sourabhupadhye/opt/anaconda3/lib/python3.8/site-packages/django/contrib/admin/utils.py first seen with mtime 1617296024.72505
File /Users/sourabhupadhye/opt/anaconda3/lib/python3.8/email/headerregistry.py first seen with mtime 1599204247.0
File /Users/sourabhupadhye/opt/anaconda3/lib/python3.8/site-packages/django/db/backends/base/client.py first seen with mtime 1617296027.0409307
File /Users/sourabhupadhye/opt/anaconda3/lib/python3.8/site-packages/django/db/backends/sqlite3/__init__.py first seen with mtime 1617296027.0712245
File /Users/sourabhupadhye/opt/anaconda3/lib/python3.8/email/iterators.py first seen with mtime 1599204247.0
File /Users/sourabhupadhye/opt/anaconda3/lib/python3.8/lib-dynload/_statistics.cpython-38-darwin.so first seen with mtime 1617218345.1065328
File /Users/sourabhupadhye/opt/anaconda3/lib/python3.8/site-packages/django/contrib/admin/apps.py first seen with mtime 1617296024.705667
File /Users/sourabhupadhye/opt/anaconda3/lib/python3.8/site-packages/django/contrib/contenttypes/management/__init__.py first seen with mtime 1617296025.7357385
File /Users/sourabhupadhye/opt/anaconda3/lib/python3.8/site-packages/django/utils/safestring.py first seen with mtime 1617296027.2950284
File /Users/sourabhupadhye/opt/anaconda3/lib/python3.8/site-packages/django/db/models/sql/query.py first seen with mtime 1617296027.1280005
File /Users/sourabhupadhye/opt/anaconda3/lib/python3.8/keyword.py first seen with mtime 1599204245.0
File /Users/sourabhupadhye/opt/anaconda3/lib/python3.8/asyncio/base_events.py first seen with mtime 1599204247.0
File /Users/sourabhupadhye/opt/anaconda3/lib/python3.8/site-packages/django/template/loader_tags.py first seen with mtime 1617296027.1948624
File /Users/sourabhupadhye/opt/anaconda3/lib/python3.8/site-packages/jinja2/defaults.py first seen with mtime 1588170723.0
File /Users/sourabhupadhye/opt/anaconda3/lib/python3.8/site-packages/django/db/backends/base/schema.py first seen with mtime 1617296027.0458438
File /Users/sourabhupadhye/opt/anaconda3/lib/python3.8/concurrent/futures/_base.py first seen with mtime 1599204247.0
File /Users/sourabhupadhye/opt/anaconda3/lib/python3.8/json/encoder.py first seen with mtime 1599204247.0
File /Users/sourabhupadhye/opt/anaconda3/lib/python3.8/lib-dynload/_sqlite3.cpython-38-darwin.so first seen with mtime 1617218345.092054
File /Users/sourabhupadhye/opt/anaconda3/lib/python3.8/site-packages/django/contrib/admin/sites.py first seen with mtime 1617296024.7147005
File /Users/sourabhupadhye/opt/anaconda3/lib/python3.8/site-packages/django/db/backends/sqlite3/introspection.py first seen with mtime 1617296027.0760524
File /Users/sourabhupadhye/opt/anaconda3/lib/python3.8/quopri.py first seen with mtime 1599204245.0
File /Users/sourabhupadhye/opt/anaconda3/lib/python3.8/html/parser.py first seen with mtime 1599204247.0
File /Users/sourabhupadhye/opt/anaconda3/lib/python3.8/site-packages/django/views/generic/__init__.py first seen with mtime 1617296027.3173754
File /Users/sourabhupadhye/opt/anaconda3/lib/python3.8/site-packages/django/db/models/fields/mixins.py first seen with mtime 1617296027.1135325
File /Users/sourabhupadhye/opt/anaconda3/lib/python3.8/site-packages/sqlparse/__init__.py first seen with mtime 1617296024.2036743
File /Users/sourabhupadhye/opt/anaconda3/lib/python3.8/site-packages/django/contrib/auth/checks.py first seen with mtime 1617296025.4078374
File /Users/sourabhupadhye/opt/anaconda3/lib/python3.8/site-packages/django/urls/resolvers.py first seen with mtime 1617296027.248474
File /Users/sourabhupadhye/opt/anaconda3/lib/python3.8/site-packages/django/contrib/auth/admin.py first seen with mtime 1617296025.4017544
File /Users/sourabhupadhye/opt/anaconda3/lib/python3.8/site-packages/sqlparse/tokens.py first seen with mtime 1617296024.209015
File /Users/sourabhupadhye/opt/anaconda3/lib/python3.8/contextlib.py first seen with mtime 1599204245.0
File /Users/sourabhupadhye/opt/anaconda3/lib/python3.8/site-packages/django/contrib/staticfiles/management/commands/runserver.py first seen with mtime 1617296026.9665034
File /Users/sourabhupadhye/opt/anaconda3/lib/python3.8/lib-dynload/_queue.cpython-38-darwin.so first seen with mtime 1617218345.041435
File /Users/sourabhupadhye/opt/anaconda3/lib/python3.8/site-packages/jinja2/parser.py first seen with mtime 1588170723.0
File /Users/sourabhupadhye/opt/anaconda3/lib/python3.8/email/generator.py first seen with mtime 1599204247.0
File /Users/sourabhupadhye/opt/anaconda3/lib/python3.8/site-packages/django/contrib/auth/models.py first seen with mtime 1617296025.412695
File /Users/sourabhupadhye/opt/anaconda3/lib/python3.8/lib-dynload/_blake2.cpython-38-darwin.so first seen with mtime 1617218344.8296332
File /Users/sourabhupadhye/opt/anaconda3/lib/python3.8/site-packages/django/template/defaultfilters.py first seen with mtime 1617296027.1909347
File /Users/sourabhupadhye/opt/anaconda3/lib/python3.8/site-packages/django/contrib/sites/__init__.py first seen with mtime 1617296026.7959995
File /Users/sourabhupadhye/opt/anaconda3/lib/python3.8/site-packages/jinja2/runtime.py first seen with mtime 1588170723.0
File /Users/sourabhupadhye/opt/anaconda3/lib/python3.8/email/__init__.py first seen with mtime 1599204247.0
File /Users/sourabhupadhye/opt/anaconda3/lib/python3.8/site-packages/django/utils/formats.py first seen with mtime 1617296027.2861285
File /Users/sourabhupadhye/opt/anaconda3/lib/python3.8/site-packages/django/core/wsgi.py first seen with mtime 1617296026.972973
File /Users/sourabhupadhye/opt/anaconda3/lib/python3.8/site-packages/django/contrib/messages/api.py first seen with mtime 1617296026.3014615
File /Users/sourabhupadhye/opt/anaconda3/lib/python3.8/site-packages/django/db/migrations/exceptions.py first seen with mtime 1617296027.081569
File /Users/sourabhupadhye/opt/anaconda3/lib/python3.8/site-packages/django/utils/__init__.py first seen with mtime 1617296027.2660797
File /Users/sourabhupadhye/opt/anaconda3/lib/python3.8/site-packages/jinja2/exceptions.py first seen with mtime 1588170723.0
File /Users/sourabhupadhye/opt/anaconda3/lib/python3.8/site-packages/django/db/migrations/operations/fields.py first seen with mtime 1617296027.0944889
File /Users/sourabhupadhye/opt/anaconda3/lib/python3.8/site-packages/django/forms/formsets.py first seen with mtime 1617296027.1360645
File /Users/sourabhupadhye/opt/anaconda3/lib/python3.8/platform.py first seen with mtime 1599204245.0
File /Users/sourabhupadhye/opt/anaconda3/lib/python3.8/copyreg.py first seen with mtime 1599204245.0
File /Users/sourabhupadhye/opt/anaconda3/lib/python3.8/logging/config.py first seen with mtime 1599204248.0
File /Users/sourabhupadhye/opt/anaconda3/lib/python3.8/site-packages/asgiref/sync.py first seen with mtime 1617296024.29529
File /Users/sourabhupadhye/opt/anaconda3/lib/python3.8/site-packages/django/template/engine.py first seen with mtime 1617296027.1922367
File /Users/sourabhupadhye/opt/anaconda3/lib/python3.8/site-packages/django/db/transaction.py first seen with mtime 1617296027.0340405
File /Users/sourabhupadhye/opt/anaconda3/lib/python3.8/asyncio/trsock.py first seen with mtime 1599204247.0
File /Users/sourabhupadhye/opt/anaconda3/lib/python3.8/site-packages/django/db/models/functions/mixins.py first seen with mtime 1617296027.1217287
File /Users/sourabhupadhye/opt/anaconda3/lib/python3.8/email/charset.py first seen with mtime 1599204247.0
File /Users/sourabhupadhye/opt/anaconda3/lib/python3.8/site-packages/jinja2/nodes.py first seen with mtime 1588170723.0
File /Users/sourabhupadhye/opt/anaconda3/lib/python3.8/email/mime/multipart.py first seen with mtime 1599204247.0
File /Users/sourabhupadhye/opt/anaconda3/lib/python3.8/email/mime/message.py first seen with mtime 1599204247.0
File /Users/sourabhupadhye/DJango_proprac/middlewareProject1/manage.py first seen with mtime 1620152563.6145954
File /Users/sourabhupadhye/opt/anaconda3/lib/python3.8/reprlib.py first seen with mtime 1599204245.0
File /Users/sourabhupadhye/opt/anaconda3/lib/python3.8/cgi.py first seen with mtime 1599204245.0
File /Users/sourabhupadhye/opt/anaconda3/lib/python3.8/site-packages/django/db/models/fields/proxy.py first seen with mtime 1617296027.1140318
File /Users/sourabhupadhye/opt/anaconda3/lib/python3.8/site-packages/pytz/tzinfo.py first seen with mtime 1588612719.0
File /Users/sourabhupadhye/opt/anaconda3/lib/python3.8/asyncio/base_subprocess.py first seen with mtime 1599204247.0
File /Users/sourabhupadhye/opt/anaconda3/lib/python3.8/site-packages/django/db/models/lookups.py first seen with mtime 1617296027.1054134
File /Users/sourabhupadhye/opt/anaconda3/lib/python3.8/lib-dynload/_pickle.cpython-38-darwin.so first seen with mtime 1617218345.0223014
File /Users/sourabhupadhye/opt/anaconda3/lib/python3.8/site-packages/django/contrib/auth/management/__init__.py first seen with mtime 1617296025.56315
File /Users/sourabhupadhye/opt/anaconda3/lib/python3.8/lib-dynload/_bisect.cpython-38-darwin.so first seen with mtime 1617218344.8237193
File /Users/sourabhupadhye/opt/anaconda3/lib/python3.8/site-packages/django/views/decorators/csrf.py first seen with mtime 1617296027.3138592
File /Users/sourabhupadhye/opt/anaconda3/lib/python3.8/site-packages/django/core/management/commands/runserver.py first seen with mtime 1617296027.0135667
File /Users/sourabhupadhye/opt/anaconda3/lib/python3.8/lib-dynload/_json.cpython-38-darwin.so first seen with mtime 1617218344.978638
File /Users/sourabhupadhye/opt/anaconda3/lib/python3.8/site-packages/django/contrib/sessions/base_session.py first seen with mtime 1617296026.6527696
File /Users/sourabhupadhye/opt/anaconda3/lib/python3.8/lib-dynload/fcntl.cpython-38-darwin.so first seen with mtime 1617218345.201454
File /Users/sourabhupadhye/opt/anaconda3/lib/python3.8/site-packages/django/db/backends/__init__.py first seen with mtime 1617296027.0367544
File /Users/sourabhupadhye/opt/anaconda3/lib/python3.8/email/parser.py first seen with mtime 1599204247.0
File /Users/sourabhupadhye/opt/anaconda3/lib/python3.8/site.py first seen with mtime 1599204245.0
File /Users/sourabhupadhye/opt/anaconda3/lib/python3.8/site-packages/django/contrib/messages/__init__.py first seen with mtime 1617296026.300531
File /Users/sourabhupadhye/opt/anaconda3/lib/python3.8/site-packages/django/core/handlers/base.py first seen with mtime 1617296026.9942071
File /Users/sourabhupadhye/opt/anaconda3/lib/python3.8/site-packages/django/core/checks/security/base.py first seen with mtime 1617296026.9850602
File /Users/sourabhupadhye/opt/anaconda3/lib/python3.8/site-packages/django/utils/decorators.py first seen with mtime 1617296027.2825344
File /Users/sourabhupadhye/opt/anaconda3/lib/python3.8/site-packages/sqlparse/exceptions.py first seen with mtime 1617296024.2061305
File /Users/sourabhupadhye/opt/anaconda3/lib/python3.8/__future__.py first seen with mtime 1599204245.0
File /Users/sourabhupadhye/opt/anaconda3/lib/python3.8/lib-dynload/_random.cpython-38-darwin.so first seen with mtime 1617218345.0464618
File /Users/sourabhupadhye/opt/anaconda3/lib/python3.8/site-packages/django/urls/__init__.py first seen with mtime 1617296027.2426512
File /Users/sourabhupadhye/opt/anaconda3/lib/python3.8/site-packages/django/core/checks/__init__.py first seen with mtime 1617296026.9784405
File /Users/sourabhupadhye/opt/anaconda3/lib/python3.8/encodings/__init__.py first seen with mtime 1599204247.0
File /Users/sourabhupadhye/opt/anaconda3/lib/python3.8/lib-dynload/_hashlib.cpython-38-darwin.so first seen with mtime 1617218344.9656227
File /Users/sourabhupadhye/opt/anaconda3/lib/python3.8/site-packages/django/core/checks/templates.py first seen with mtime 1617296026.981654
File /Users/sourabhupadhye/opt/anaconda3/lib/python3.8/site-packages/django/db/backends/sqlite3/base.py first seen with mtime 1617296027.072781
File /Users/sourabhupadhye/opt/anaconda3/lib/python3.8/site-packages/django/db/models/fields/related_descriptors.py first seen with mtime 1617296027.1161404
File /Users/sourabhupadhye/opt/anaconda3/lib/python3.8/site-packages/django/utils/text.py first seen with mtime 1617296027.2979836
File /Users/sourabhupadhye/opt/anaconda3/lib/python3.8/site-packages/sqlparse/engine/statement_splitter.py first seen with mtime 1617296024.213889
File /Users/sourabhupadhye/opt/anaconda3/lib/python3.8/site-packages/django/contrib/staticfiles/utils.py first seen with mtime 1617296026.9638696
File /Users/sourabhupadhye/opt/anaconda3/lib/python3.8/lib-dynload/_bz2.cpython-38-darwin.so first seen with mtime 1617218344.8360338
File /Users/sourabhupadhye/opt/anaconda3/lib/python3.8/site-packages/django/contrib/__init__.py first seen with mtime 1617296024.6987119
File /Users/sourabhupadhye/opt/anaconda3/lib/python3.8/site-packages/django/apps/registry.py first seen with mtime 1617296024.3668923
File /Users/sourabhupadhye/opt/anaconda3/lib/python3.8/_compat_pickle.py first seen with mtime 1599204245.0
File /Users/sourabhupadhye/opt/anaconda3/lib/python3.8/site-packages/django/contrib/auth/__init__.py first seen with mtime 1617296025.400362
File /Users/sourabhupadhye/opt/anaconda3/lib/python3.8/site-packages/django/core/files/__init__.py first seen with mtime 1617296026.987431
File /Users/sourabhupadhye/opt/anaconda3/lib/python3.8/site-packages/django/db/models/fields/reverse_related.py first seen with mtime 1617296027.1183832
File /Users/sourabhupadhye/opt/anaconda3/lib/python3.8/string.py first seen with mtime 1599204245.0
File /Users/sourabhupadhye/opt/anaconda3/lib/python3.8/site-packages/django/contrib/admin/checks.py first seen with mtime 1617296024.706952
File /Users/sourabhupadhye/opt/anaconda3/lib/python3.8/site-packages/sqlparse/filters/output.py first seen with mtime 1617296024.2172587
File /Users/sourabhupadhye/opt/anaconda3/lib/python3.8/importlib/util.py first seen with mtime 1599204247.0
File /Users/sourabhupadhye/opt/anaconda3/lib/python3.8/site-packages/django/contrib/auth/tokens.py first seen with mtime 1617296025.4141061
File /Users/sourabhupadhye/opt/anaconda3/lib/python3.8/email/encoders.py first seen with mtime 1599204247.0
File /Users/sourabhupadhye/opt/anaconda3/lib/python3.8/email/errors.py first seen with mtime 1599204247.0
File /Users/sourabhupadhye/opt/anaconda3/lib/python3.8/site-packages/django/core/cache/backends/__init__.py first seen with mtime 1617296026.9745674
File /Users/sourabhupadhye/opt/anaconda3/lib/python3.8/asyncio/selector_events.py first seen with mtime 1599204247.0
File /Users/sourabhupadhye/opt/anaconda3/lib/python3.8/site-packages/django/contrib/staticfiles/apps.py first seen with mtime 1617296026.9601777
File /Users/sourabhupadhye/opt/anaconda3/lib/python3.8/site-packages/django/core/files/uploadhandler.py first seen with mtime 1617296026.991958
File /Users/sourabhupadhye/opt/anaconda3/lib/python3.8/lib-dynload/select.cpython-38-darwin.so first seen with mtime 1617218345.2592123
File /Users/sourabhupadhye/opt/anaconda3/lib/python3.8/site-packages/django/utils/deprecation.py first seen with mtime 1617296027.2831478
File /Users/sourabhupadhye/opt/anaconda3/lib/python3.8/email/_policybase.py first seen with mtime 1599204247.0
File /Users/sourabhupadhye/opt/anaconda3/lib/python3.8/urllib/response.py first seen with mtime 1599204248.0
File /Users/sourabhupadhye/opt/anaconda3/lib/python3.8/http/server.py first seen with mtime 1599204248.0
File /Users/sourabhupadhye/opt/anaconda3/lib/python3.8/site-packages/django/contrib/admin/models.py first seen with mtime 1617296024.712543
File /Users/sourabhupadhye/opt/anaconda3/lib/python3.8/site-packages/django/contrib/messages/storage/__init__.py first seen with mtime 1617296026.307243
File /Users/sourabhupadhye/opt/anaconda3/lib/python3.8/decimal.py first seen with mtime 1599204245.0
File /Users/sourabhupadhye/opt/anaconda3/lib/python3.8/site-packages/django/db/backends/sqlite3/features.py first seen with mtime 1617296027.0754545
File /Users/sourabhupadhye/opt/anaconda3/lib/python3.8/site-packages/django/utils/topological_sort.py first seen with mtime 1617296027.3022246
File /Users/sourabhupadhye/opt/anaconda3/lib/python3.8/site-packages/django/core/servers/__init__.py first seen with mtime 1617296027.02988
File /Users/sourabhupadhye/opt/anaconda3/lib/python3.8/concurrent/futures/thread.py first seen with mtime 1599204247.0
File /Users/sourabhupadhye/opt/anaconda3/lib/python3.8/site-packages/django/contrib/admin/views/autocomplete.py first seen with mtime 1617296025.2153177
File /Users/sourabhupadhye/opt/anaconda3/lib/python3.8/site-packages/jinja2/loaders.py first seen with mtime 1588170723.0
File /Users/sourabhupadhye/opt/anaconda3/lib/python3.8/site-packages/django/views/generic/base.py first seen with mtime 1617296027.3189447
File /Users/sourabhupadhye/opt/anaconda3/lib/python3.8/base64.py first seen with mtime 1599204245.0
File /Users/sourabhupadhye/opt/anaconda3/lib/python3.8/site-packages/django/conf/global_settings.py first seen with mtime 1617296024.3692863
File /Users/sourabhupadhye/opt/anaconda3/lib/python3.8/site-packages/django/contrib/admin/views/__init__.py first seen with mtime 1617296025.2148337
File /Users/sourabhupadhye/opt/anaconda3/lib/python3.8/asyncio/unix_events.py first seen with mtime 1599204247.0
File /Users/sourabhupadhye/opt/anaconda3/lib/python3.8/tempfile.py first seen with mtime 1599204245.0
File /Users/sourabhupadhye/opt/anaconda3/lib/python3.8/site-packages/pytz/tzfile.py first seen with mtime 1588612719.0
File /Users/sourabhupadhye/opt/anaconda3/lib/python3.8/bz2.py first seen with mtime 1599204245.0
File /Users/sourabhupadhye/opt/anaconda3/lib/python3.8/site-packages/django/views/i18n.py first seen with mtime 1617296027.3115814
File /Users/sourabhupadhye/opt/anaconda3/lib/python3.8/site-packages/django/db/models/enums.py first seen with mtime 1617296027.101851
File /Users/sourabhupadhye/opt/anaconda3/lib/python3.8/site-packages/django/contrib/staticfiles/finders.py first seen with mtime 1617296026.961234
File /Users/sourabhupadhye/opt/anaconda3/lib/python3.8/contextvars.py first seen with mtime 1599204245.0
File /Users/sourabhupadhye/opt/anaconda3/lib/python3.8/site-packages/django/template/library.py first seen with mtime 1617296027.1935296
File /Users/sourabhupadhye/opt/anaconda3/lib/python3.8/site-packages/django/utils/translation/trans_real.py first seen with mtime 1617296027.3087022
File /Users/sourabhupadhye/opt/anaconda3/lib/python3.8/email/_header_value_parser.py first seen with mtime 1599204247.0
File /Users/sourabhupadhye/opt/anaconda3/lib/python3.8/site-packages/markupsafe/_compat.py first seen with mtime 1594371725.0
File /Users/sourabhupadhye/opt/anaconda3/lib/python3.8/inspect.py first seen with mtime 1599204245.0
File /Users/sourabhupadhye/opt/anaconda3/lib/python3.8/site-packages/django/utils/itercompat.py first seen with mtime 1617296027.2900631
File /Users/sourabhupadhye/opt/anaconda3/lib/python3.8/site-packages/django/template/context.py first seen with mtime 1617296027.18933
File /Users/sourabhupadhye/opt/anaconda3/lib/python3.8/site-packages/django/db/models/deletion.py first seen with mtime 1617296027.1012855
File /Users/sourabhupadhye/opt/anaconda3/lib/python3.8/enum.py first seen with mtime 1599204245.0
File /Users/sourabhupadhye/opt/anaconda3/lib/python3.8/site-packages/sqlparse/filters/__init__.py first seen with mtime 1617296024.2146277
File /Users/sourabhupadhye/opt/anaconda3/lib/python3.8/bisect.py first seen with mtime 1599204245.0
File /Users/sourabhupadhye/opt/anaconda3/lib/python3.8/site-packages/django/apps/config.py first seen with mtime 1617296024.3659093
File /Users/sourabhupadhye/opt/anaconda3/lib/python3.8/site-packages/django/core/__init__.py first seen with mtime 1617296026.9693885
File /Users/sourabhupadhye/opt/anaconda3/lib/python3.8/urllib/__init__.py first seen with mtime 1599204248.0
File /Users/sourabhupadhye/opt/anaconda3/lib/python3.8/asyncio/log.py first seen with mtime 1599204247.0
File /Users/sourabhupadhye/opt/anaconda3/lib/python3.8/site-packages/sqlparse/filters/tokens.py first seen with mtime 1617296024.2202287
File /Users/sourabhupadhye/opt/anaconda3/lib/python3.8/site-packages/django/db/models/indexes.py first seen with mtime 1617296027.103926
File /Users/sourabhupadhye/opt/anaconda3/lib/python3.8/sqlite3/dbapi2.py first seen with mtime 1599204248.0
File /Users/sourabhupadhye/opt/anaconda3/lib/python3.8/random.py first seen with mtime 1599204245.0
File /Users/sourabhupadhye/opt/anaconda3/lib/python3.8/site-packages/django/core/management/base.py first seen with mtime 1617296027.0048888
File /Users/sourabhupadhye/opt/anaconda3/lib/python3.8/email/quoprimime.py first seen with mtime 1599204247.0
File /Users/sourabhupadhye/opt/anaconda3/lib/python3.8/_weakrefset.py first seen with mtime 1599204245.0
File /Users/sourabhupadhye/opt/anaconda3/lib/python3.8/site-packages/django/db/backends/sqlite3/creation.py first seen with mtime 1617296027.074764
File /Users/sourabhupadhye/opt/anaconda3/lib/python3.8/site-packages/sphinxcontrib/__init__.py first seen with mtime 1573662689.0
File /Users/sourabhupadhye/opt/anaconda3/lib/python3.8/site-packages/django/contrib/messages/constants.py first seen with mtime 1617296026.3025203
File /Users/sourabhupadhye/opt/anaconda3/lib/python3.8/site-packages/django/urls/exceptions.py first seen with mtime 1617296027.2473574
File /Users/sourabhupadhye/opt/anaconda3/lib/python3.8/typing.py first seen with mtime 1599204245.0
File /Users/sourabhupadhye/opt/anaconda3/lib/python3.8/pprint.py first seen with mtime 1599204245.0
File /Users/sourabhupadhye/opt/anaconda3/lib/python3.8/asyncio/subprocess.py first seen with mtime 1599204247.0
File /Users/sourabhupadhye/opt/anaconda3/lib/python3.8/site-packages/django/core/checks/model_checks.py first seen with mtime 1617296026.980694
File /Users/sourabhupadhye/opt/anaconda3/lib/python3.8/pickle.py first seen with mtime 1599204245.0
File /Users/sourabhupadhye/opt/anaconda3/lib/python3.8/site-packages/django/contrib/contenttypes/apps.py first seen with mtime 1617296025.574665
File /Users/sourabhupadhye/opt/anaconda3/lib/python3.8/socket.py first seen with mtime 1599204245.0
File /Users/sourabhupadhye/opt/anaconda3/lib/python3.8/operator.py first seen with mtime 1599204245.0
File /Users/sourabhupadhye/opt/anaconda3/lib/python3.8/site-packages/django/contrib/admin/actions.py first seen with mtime 1617296024.7027483
File /Users/sourabhupadhye/opt/anaconda3/lib/python3.8/site-packages/django/contrib/sessions/__init__.py first seen with mtime 1617296026.6505527
File /Users/sourabhupadhye/opt/anaconda3/lib/python3.8/site-packages/sqlparse/filters/reindent.py first seen with mtime 1617296024.218468
File /Users/sourabhupadhye/opt/anaconda3/lib/python3.8/site-packages/django/core/checks/security/csrf.py first seen with mtime 1617296026.9857883
File /Users/sourabhupadhye/opt/anaconda3/lib/python3.8/urllib/parse.py first seen with mtime 1599204248.0
File /Users/sourabhupadhye/opt/anaconda3/lib/python3.8/selectors.py first seen with mtime 1599204245.0
File /Users/sourabhupadhye/opt/anaconda3/lib/python3.8/site-packages/django/db/backends/sqlite3/client.py first seen with mtime 1617296027.0734503
File /Users/sourabhupadhye/opt/anaconda3/lib/python3.8/secrets.py first seen with mtime 1599204245.0
File /Users/sourabhupadhye/opt/anaconda3/lib/python3.8/site-packages/jinja2/tests.py first seen with mtime 1588170723.0
File /Users/sourabhupadhye/opt/anaconda3/lib/python3.8/site-packages/django/urls/base.py first seen with mtime 1617296027.2445393
File /Users/sourabhupadhye/opt/anaconda3/lib/python3.8/site-packages/django/utils/dateformat.py first seen with mtime 1617296027.2771146
File /Users/sourabhupadhye/opt/anaconda3/lib/python3.8/site-packages/django/db/models/sql/where.py first seen with mtime 1617296027.1291401
File /Users/sourabhupadhye/opt/anaconda3/lib/python3.8/lib-dynload/_contextvars.cpython-38-darwin.so first seen with mtime 1617218344.8890815
File /Users/sourabhupadhye/opt/anaconda3/lib/python3.8/lib-dynload/_ssl.cpython-38-darwin.so first seen with mtime 1617218345.100053
File /Users/sourabhupadhye/opt/anaconda3/lib/python3.8/logging/__init__.py first seen with mtime 1599204248.0
File /Users/sourabhupadhye/opt/anaconda3/lib/python3.8/site-packages/sqlparse/cli.py first seen with mtime 1617296024.2049623
File /Users/sourabhupadhye/opt/anaconda3/lib/python3.8/os.py first seen with mtime 1599204245.0
File /Users/sourabhupadhye/opt/anaconda3/lib/python3.8/site-packages/django/core/mail/message.py first seen with mtime 1617296026.9966357
File /Users/sourabhupadhye/opt/anaconda3/lib/python3.8/site-packages/django/core/files/base.py first seen with mtime 1617296026.9879456
File /Users/sourabhupadhye/opt/anaconda3/lib/python3.8/site-packages/django/db/migrations/operations/__init__.py first seen with mtime 1617296027.0935411
File /Users/sourabhupadhye/opt/anaconda3/lib/python3.8/asyncio/tasks.py first seen with mtime 1599204247.0
File /Users/sourabhupadhye/opt/anaconda3/lib/python3.8/site-packages/django/contrib/contenttypes/fields.py first seen with mtime 1617296025.5756462
File /Users/sourabhupadhye/opt/anaconda3/lib/python3.8/sqlite3/__init__.py first seen with mtime 1599204248.0
File /Users/sourabhupadhye/opt/anaconda3/lib/python3.8/lib-dynload/_uuid.cpython-38-darwin.so first seen with mtime 1617218345.1573336
File /Users/sourabhupadhye/opt/anaconda3/lib/python3.8/dis.py first seen with mtime 1599204245.0
File /Users/sourabhupadhye/opt/anaconda3/lib/python3.8/site-packages/django/contrib/contenttypes/forms.py first seen with mtime 1617296025.5762908
File /Users/sourabhupadhye/opt/anaconda3/lib/python3.8/site-packages/django/core/cache/backends/base.py first seen with mtime 1617296026.9750082
File /Users/sourabhupadhye/opt/anaconda3/lib/python3.8/site-packages/django/core/files/move.py first seen with mtime 1617296026.9896472
File /Users/sourabhupadhye/opt/anaconda3/lib/python3.8/site-packages/django/core/mail/utils.py first seen with mtime 1617296026.9970663
File /Users/sourabhupadhye/opt/anaconda3/lib/python3.8/ipaddress.py first seen with mtime 1599204245.0
File /Users/sourabhupadhye/opt/anaconda3/lib/python3.8/site-packages/django/db/backends/sqlite3/schema.py first seen with mtime 1617296027.077221
File /Users/sourabhupadhye/opt/anaconda3/lib/python3.8/asyncio/base_futures.py first seen with mtime 1599204247.0
File /Users/sourabhupadhye/opt/anaconda3/lib/python3.8/lib-dynload/_lzma.cpython-38-darwin.so first seen with mtime 1617218344.9904492
File /Users/sourabhupadhye/opt/anaconda3/lib/python3.8/site-packages/django/contrib/staticfiles/checks.py first seen with mtime 1617296026.960708
File /Users/sourabhupadhye/opt/anaconda3/lib/python3.8/site-packages/django/db/utils.py first seen with mtime 1617296027.035783
File /Users/sourabhupadhye/opt/anaconda3/lib/python3.8/concurrent/futures/__init__.py first seen with mtime 1599204247.0
File /Users/sourabhupadhye/opt/anaconda3/lib/python3.8/site-packages/django/contrib/admin/templatetags/admin_urls.py first seen with mtime 1617296025.213306
File /Users/sourabhupadhye/opt/anaconda3/lib/python3.8/site-packages/django/core/exceptions.py first seen with mtime 1617296026.970265
File /Users/sourabhupadhye/opt/anaconda3/lib/python3.8/site-packages/django/utils/version.py first seen with mtime 1617296027.3033442
File /Users/sourabhupadhye/opt/anaconda3/lib/python3.8/importlib/machinery.py first seen with mtime 1599204247.0
File /Users/sourabhupadhye/opt/anaconda3/lib/python3.8/site-packages/django/db/models/fields/json.py first seen with mtime 1617296027.1125448
File /Users/sourabhupadhye/opt/anaconda3/lib/python3.8/mimetypes.py first seen with mtime 1599204245.0
File /Users/sourabhupadhye/opt/anaconda3/lib/python3.8/_collections_abc.py first seen with mtime 1599204245.0
File /Users/sourabhupadhye/opt/anaconda3/lib/python3.8/site-packages/django/views/static.py first seen with mtime 1617296027.3120484
File /Users/sourabhupadhye/opt/anaconda3/lib/python3.8/site-packages/django/utils/module_loading.py first seen with mtime 1617296027.293255
File /Users/sourabhupadhye/opt/anaconda3/lib/python3.8/site-packages/django/db/backends/base/__init__.py first seen with mtime 1617296027.0392137
File /Users/sourabhupadhye/opt/anaconda3/lib/python3.8/email/_encoded_words.py first seen with mtime 1599204247.0
File /Users/sourabhupadhye/opt/anaconda3/lib/python3.8/asyncio/runners.py first seen with mtime 1599204247.0
File /Users/sourabhupadhye/opt/anaconda3/lib/python3.8/site-packages/django/db/migrations/state.py first seen with mtime 1617296027.089715
File /Users/sourabhupadhye/opt/anaconda3/lib/python3.8/queue.py first seen with mtime 1599204245.0
File /Users/sourabhupadhye/opt/anaconda3/lib/python3.8/site-packages/django/urls/converters.py first seen with mtime 1617296027.2464628
File /Users/sourabhupadhye/opt/anaconda3/lib/python3.8/site-packages/django/utils/_os.py first seen with mtime 1617296027.2719047
File /Users/sourabhupadhye/opt/anaconda3/lib/python3.8/sre_compile.py first seen with mtime 1599204245.0
File /Users/sourabhupadhye/opt/anaconda3/lib/python3.8/site-packages/django/dispatch/__init__.py first seen with mtime 1617296027.129778
File /Users/sourabhupadhye/opt/anaconda3/lib/python3.8/weakref.py first seen with mtime 1599204245.0
File /Users/sourabhupadhye/opt/anaconda3/lib/python3.8/site-packages/django/db/models/manager.py first seen with mtime 1617296027.1063745
File /Users/sourabhupadhye/opt/anaconda3/lib/python3.8/lib-dynload/_socket.cpython-38-darwin.so first seen with mtime 1617218345.0846186
File /Users/sourabhupadhye/opt/anaconda3/lib/python3.8/site-packages/django/views/generic/detail.py first seen with mtime 1617296027.3202777
File /Users/sourabhupadhye/opt/anaconda3/lib/python3.8/site-packages/django/db/backends/base/introspection.py first seen with mtime 1617296027.0432615
File /Users/sourabhupadhye/opt/anaconda3/lib/python3.8/wsgiref/simple_server.py first seen with mtime 1599204248.0
File /Users/sourabhupadhye/opt/anaconda3/lib/python3.8/site-packages/sqlparse/engine/filter_stack.py first seen with mtime 1617296024.2114954
File /Users/sourabhupadhye/opt/anaconda3/lib/python3.8/site-packages/sqlparse/utils.py first seen with mtime 1617296024.2095098
File /Users/sourabhupadhye/opt/anaconda3/lib/python3.8/lib-dynload/termios.cpython-38-darwin.so first seen with mtime 1617218345.2712743
File /Users/sourabhupadhye/opt/anaconda3/lib/python3.8/site-packages/django/db/models/constants.py first seen with mtime 1617296027.0996034
File /Users/sourabhupadhye/opt/anaconda3/lib/python3.8/site-packages/django/forms/renderers.py first seen with mtime 1617296027.1381714
File /Users/sourabhupadhye/opt/anaconda3/lib/python3.8/site-packages/django/views/decorators/debug.py first seen with mtime 1617296027.3143103
File /Users/sourabhupadhye/opt/anaconda3/lib/python3.8/site-packages/markupsafe/_native.py first seen with mtime 1594371725.0
File /Users/sourabhupadhye/opt/anaconda3/lib/python3.8/site-packages/django/middleware/csrf.py first seen with mtime 1617296027.1825535
File /Users/sourabhupadhye/opt/anaconda3/lib/python3.8/asyncio/queues.py first seen with mtime 1599204247.0
File /Users/sourabhupadhye/opt/anaconda3/lib/python3.8/distutils/__init__.py first seen with mtime 1599204248.0
File /Users/sourabhupadhye/opt/anaconda3/lib/python3.8/site-packages/django/template/utils.py first seen with mtime 1617296027.1967895
File /Users/sourabhupadhye/opt/anaconda3/lib/python3.8/site-packages/django/db/backends/signals.py first seen with mtime 1617296027.03829
File /Users/sourabhupadhye/opt/anaconda3/lib/python3.8/stat.py first seen with mtime 1599204245.0
File /Users/sourabhupadhye/opt/anaconda3/lib/python3.8/site-packages/django/template/backends/django.py first seen with mtime 1617296027.1985335
File /Users/sourabhupadhye/opt/anaconda3/lib/python3.8/site-packages/django/core/cache/utils.py first seen with mtime 1617296026.9742162
File /Users/sourabhupadhye/opt/anaconda3/lib/python3.8/email/utils.py first seen with mtime 1599204247.0
File /Users/sourabhupadhye/opt/anaconda3/lib/python3.8/email/mime/__init__.py first seen with mtime 1599204247.0
File /Users/sourabhupadhye/opt/anaconda3/lib/python3.8/site-packages/django/forms/boundfield.py first seen with mtime 1617296027.1327112
File /Users/sourabhupadhye/opt/anaconda3/lib/python3.8/asyncio/streams.py first seen with mtime 1599204247.0
File /Users/sourabhupadhye/opt/anaconda3/lib/python3.8/site-packages/django/views/decorators/cache.py first seen with mtime 1617296027.3129835
File /Users/sourabhupadhye/opt/anaconda3/lib/python3.8/site-packages/django/views/debug.py first seen with mtime 1617296027.3105874
File /Users/sourabhupadhye/opt/anaconda3/lib/python3.8/site-packages/sqlparse/lexer.py first seen with mtime 1617296024.207675
File /Users/sourabhupadhye/opt/anaconda3/lib/python3.8/site-packages/sqlparse/engine/__init__.py first seen with mtime 1617296024.2100627
File /Users/sourabhupadhye/opt/anaconda3/lib/python3.8/site-packages/django/contrib/staticfiles/handlers.py first seen with mtime 1617296026.9617069
File /Users/sourabhupadhye/opt/anaconda3/lib/python3.8/site-packages/django/contrib/contenttypes/checks.py first seen with mtime 1617296025.575089
File /Users/sourabhupadhye/opt/anaconda3/lib/python3.8/email/feedparser.py first seen with mtime 1599204247.0
File /Users/sourabhupadhye/opt/anaconda3/lib/python3.8/asyncio/protocols.py first seen with mtime 1599204247.0
File /Users/sourabhupadhye/opt/anaconda3/lib/python3.8/encodings/latin_1.py first seen with mtime 1599204247.0
File /Users/sourabhupadhye/opt/anaconda3/lib/python3.8/site-packages/django/contrib/contenttypes/admin.py first seen with mtime 1617296025.5742328
File /Users/sourabhupadhye/opt/anaconda3/lib/python3.8/site-packages/django/template/loader.py first seen with mtime 1617296027.1943126
File /Users/sourabhupadhye/opt/anaconda3/lib/python3.8/collections/abc.py first seen with mtime 1599204247.0
File /Users/sourabhupadhye/opt/anaconda3/lib/python3.8/site-packages/django/utils/translation/reloader.py first seen with mtime 1617296027.3050709
File /Users/sourabhupadhye/opt/anaconda3/lib/python3.8/site-packages/django/db/models/sql/datastructures.py first seen with mtime 1617296027.1266685
File /Users/sourabhupadhye/opt/anaconda3/lib/python3.8/site-packages/django/core/validators.py first seen with mtime 1617296026.972553
File /Users/sourabhupadhye/opt/anaconda3/lib/python3.8/numbers.py first seen with mtime 1599204245.0
File /Users/sourabhupadhye/opt/anaconda3/lib/python3.8/site-packages/django/contrib/contenttypes/models.py first seen with mtime 1617296025.576774
File /Users/sourabhupadhye/opt/anaconda3/lib/python3.8/http/__init__.py first seen with mtime 1599204248.0
File /Users/sourabhupadhye/opt/anaconda3/lib/python3.8/email/contentmanager.py first seen with mtime 1599204247.0
File /Users/sourabhupadhye/opt/anaconda3/lib/python3.8/heapq.py first seen with mtime 1599204245.0
File /Users/sourabhupadhye/opt/anaconda3/lib/python3.8/site-packages/django/contrib/auth/base_user.py first seen with mtime 1617296025.4061615
File /Users/sourabhupadhye/opt/anaconda3/lib/python3.8/site-packages/django/contrib/admin/templatetags/__init__.py first seen with mtime 1617296025.2116113
File /Users/sourabhupadhye/opt/anaconda3/lib/python3.8/linecache.py first seen with mtime 1599204245.0
File /Users/sourabhupadhye/opt/anaconda3/lib/python3.8/lib-dynload/_struct.cpython-38-darwin.so first seen with mtime 1617218345.1134708
File /Users/sourabhupadhye/opt/anaconda3/lib/python3.8/datetime.py first seen with mtime 1599204245.0
File /Users/sourabhupadhye/opt/anaconda3/lib/python3.8/json/__init__.py first seen with mtime 1599204247.0
File /Users/sourabhupadhye/opt/anaconda3/lib/python3.8/site-packages/django/contrib/contenttypes/views.py first seen with mtime 1617296025.5772882
File /Users/sourabhupadhye/opt/anaconda3/lib/python3.8/site-packages/django/contrib/auth/password_validation.py first seen with mtime 1617296025.413196
File /Users/sourabhupadhye/opt/anaconda3/lib/python3.8/site-packages/django/db/models/fields/__init__.py first seen with mtime 1617296027.1107254
File /Users/sourabhupadhye/opt/anaconda3/lib/python3.8/site-packages/django/db/migrations/operations/base.py first seen with mtime 1617296027.0940297
File /Users/sourabhupadhye/opt/anaconda3/lib/python3.8/site-packages/django/utils/functional.py first seen with mtime 1617296027.2866898
File /Users/sourabhupadhye/opt/anaconda3/lib/python3.8/site-packages/django/forms/utils.py first seen with mtime 1617296027.1386786
File /Users/sourabhupadhye/opt/anaconda3/lib/python3.8/site-packages/django/utils/log.py first seen with mtime 1617296027.2921362
File /Users/sourabhupadhye/opt/anaconda3/lib/python3.8/site-packages/jinja2/visitor.py first seen with mtime 1588170723.0
File /Users/sourabhupadhye/opt/anaconda3/lib/python3.8/site-packages/django/core/checks/translation.py first seen with mtime 1617296026.9823947
File /Users/sourabhupadhye/opt/anaconda3/lib/python3.8/site-packages/django/core/handlers/wsgi.py first seen with mtime 1617296026.9955375
File /Users/sourabhupadhye/opt/anaconda3/lib/python3.8/asyncio/locks.py first seen with mtime 1599204247.0
File /Users/sourabhupadhye/opt/anaconda3/lib/python3.8/subprocess.py first seen with mtime 1599204245.0
File /Users/sourabhupadhye/opt/anaconda3/lib/python3.8/lib-dynload/_sha512.cpython-38-darwin.so first seen with mtime 1617218345.0791306
File /Users/sourabhupadhye/opt/anaconda3/lib/python3.8/lib-dynload/grp.cpython-38-darwin.so first seen with mtime 1617218345.2071743
File /Users/sourabhupadhye/opt/anaconda3/lib/python3.8/site-packages/django/core/checks/messages.py first seen with mtime 1617296026.9802225
File /Users/sourabhupadhye/opt/anaconda3/lib/python3.8/encodings/aliases.py first seen with mtime 1599204247.0
File /Users/sourabhupadhye/opt/anaconda3/lib/python3.8/email/mime/text.py first seen with mtime 1599204247.0
File /Users/sourabhupadhye/opt/anaconda3/lib/python3.8/traceback.py first seen with mtime 1599204245.0
File /Users/sourabhupadhye/opt/anaconda3/lib/python3.8/site-packages/django/db/backends/utils.py first seen with mtime 1617296027.0388186
File /Users/sourabhupadhye/opt/anaconda3/lib/python3.8/site-packages/django/utils/encoding.py first seen with mtime 1617296027.28479
File /Users/sourabhupadhye/opt/anaconda3/lib/python3.8/importlib/__init__.py first seen with mtime 1599204247.0
File /Users/sourabhupadhye/opt/anaconda3/lib/python3.8/site-packages/django/core/signals.py first seen with mtime 1617296026.9714162
File /Users/sourabhupadhye/opt/anaconda3/lib/python3.8/sre_parse.py first seen with mtime 1599204245.0
File /Users/sourabhupadhye/opt/anaconda3/lib/python3.8/site-packages/django/core/files/uploadedfile.py first seen with mtime 1617296026.9911778
File /Users/sourabhupadhye/opt/anaconda3/lib/python3.8/site-packages/django/db/backends/base/base.py first seen with mtime 1617296027.0397542
File /Users/sourabhupadhye/opt/anaconda3/lib/python3.8/site-packages/django/urls/utils.py first seen with mtime 1617296027.2635891
File /Users/sourabhupadhye/opt/anaconda3/lib/python3.8/site-packages/django/views/__init__.py first seen with mtime 1617296027.309387
File /Users/sourabhupadhye/opt/anaconda3/lib/python3.8/html/entities.py first seen with mtime 1599204247.0
File /Users/sourabhupadhye/opt/anaconda3/lib/python3.8/site-packages/django/conf/__init__.py first seen with mtime 1617296024.3686929
File /Users/sourabhupadhye/opt/anaconda3/lib/python3.8/wsgiref/util.py first seen with mtime 1599204248.0
File /Users/sourabhupadhye/opt/anaconda3/lib/python3.8/asyncio/format_helpers.py first seen with mtime 1599204247.0
File /Users/sourabhupadhye/opt/anaconda3/lib/python3.8/lzma.py first seen with mtime 1599204245.0
File /Users/sourabhupadhye/opt/anaconda3/lib/python3.8/site-packages/pytz/__init__.py first seen with mtime 1588612719.0
File /Users/sourabhupadhye/opt/anaconda3/lib/python3.8/site-packages/django/core/files/utils.py first seen with mtime 1617296026.9927266
File /Users/sourabhupadhye/opt/anaconda3/lib/python3.8/site-packages/jinja2/compiler.py first seen with mtime 1588170723.0
File /Users/sourabhupadhye/opt/anaconda3/lib/python3.8/site-packages/django/core/checks/registry.py first seen with mtime 1617296026.9811344
File /Users/sourabhupadhye/opt/anaconda3/lib/python3.8/site-packages/django/utils/html.py first seen with mtime 1617296027.2876704
File /Users/sourabhupadhye/opt/anaconda3/lib/python3.8/asyncio/sslproto.py first seen with mtime 1599204247.0
File /Users/sourabhupadhye/opt/anaconda3/lib/python3.8/uuid.py first seen with mtime 1599204245.0
File /Users/sourabhupadhye/opt/anaconda3/lib/python3.8/site-packages/markupsafe/__init__.py first seen with mtime 1594371725.0
File /Users/sourabhupadhye/opt/anaconda3/lib/python3.8/site-packages/django/db/models/functions/__init__.py first seen with mtime 1617296027.1191351
File /Users/sourabhupadhye/opt/anaconda3/lib/python3.8/site-packages/django/views/generic/dates.py first seen with mtime 1617296027.3196929
File /Users/sourabhupadhye/opt/anaconda3/lib/python3.8/site-packages/django/forms/fields.py first seen with mtime 1617296027.133613
File /Users/sourabhupadhye/opt/anaconda3/lib/python3.8/uu.py first seen with mtime 1599204245.0
File /Users/sourabhupadhye/opt/anaconda3/lib/python3.8/site-packages/django/forms/forms.py first seen with mtime 1617296027.1349604
File /Users/sourabhupadhye/opt/anaconda3/lib/python3.8/site-packages/django/db/models/sql/constants.py first seen with mtime 1617296027.1255527
File /Users/sourabhupadhye/opt/anaconda3/lib/python3.8/threading.py first seen with mtime 1599204245.0
File /Users/sourabhupadhye/opt/anaconda3/lib/python3.8/site-packages/django/core/management/color.py first seen with mtime 1617296027.0053246
File /Users/sourabhupadhye/opt/anaconda3/lib/python3.8/site-packages/django/core/checks/async_checks.py first seen with mtime 1617296026.9788475
File /Users/sourabhupadhye/opt/anaconda3/lib/python3.8/site-packages/jinja2/filters.py first seen with mtime 1588170723.0
File /Users/sourabhupadhye/opt/anaconda3/lib/python3.8/site-packages/pytz/lazy.py first seen with mtime 1588612719.0
File /Users/sourabhupadhye/opt/anaconda3/lib/python3.8/site-packages/django/db/migrations/operations/special.py first seen with mtime 1617296027.0958862
File /Users/sourabhupadhye/opt/anaconda3/lib/python3.8/site-packages/django/db/models/fields/related_lookups.py first seen with mtime 1617296027.1173792
File /Users/sourabhupadhye/opt/anaconda3/lib/python3.8/site-packages/django/contrib/contenttypes/__init__.py first seen with mtime 1617296025.573797
File /Users/sourabhupadhye/opt/anaconda3/lib/python3.8/_sitebuiltins.py first seen with mtime 1599204245.0
File /Users/sourabhupadhye/opt/anaconda3/lib/python3.8/shutil.py first seen with mtime 1599204245.0
File /Users/sourabhupadhye/opt/anaconda3/lib/python3.8/ssl.py first seen with mtime 1599204245.0
File /Users/sourabhupadhye/DJango_proprac/middlewareProject1/testApp/admin.py first seen with mtime 1620152577.935753
File /Users/sourabhupadhye/opt/anaconda3/lib/python3.8/lib-dynload/_asyncio.cpython-38-darwin.so first seen with mtime 1617218344.817497
File /Users/sourabhupadhye/opt/anaconda3/lib/python3.8/site-packages/django/db/models/fields/files.py first seen with mtime 1617296027.1116107
File /Users/sourabhupadhye/opt/anaconda3/lib/python3.8/site-packages/django/utils/numberformat.py first seen with mtime 1617296027.2937496
File /Users/sourabhupadhye/opt/anaconda3/lib/python3.8/site-packages/sqlparse/engine/grouping.py first seen with mtime 1617296024.21209
File /Users/sourabhupadhye/opt/anaconda3/lib/python3.8/site-packages/django/db/models/options.py first seen with mtime 1617296027.1070943
File /Users/sourabhupadhye/opt/anaconda3/lib/python3.8/asyncio/futures.py first seen with mtime 1599204247.0
File /Users/sourabhupadhye/DJango_proprac/middlewareProject1/testApp/models.py first seen with mtime 1620152577.9424286
File /Users/sourabhupadhye/opt/anaconda3/lib/python3.8/email/mime/base.py first seen with mtime 1599204247.0
File /Users/sourabhupadhye/opt/anaconda3/lib/python3.8/token.py first seen with mtime 1599204245.0
File /Users/sourabhupadhye/opt/anaconda3/lib/python3.8/site-packages/django/contrib/admin/options.py first seen with mtime 1617296024.7137413
File /Users/sourabhupadhye/opt/anaconda3/lib/python3.8/site-packages/django/db/backends/sqlite3/operations.py first seen with mtime 1617296027.0765908
File /Users/sourabhupadhye/opt/anaconda3/lib/python3.8/site-packages/django/dispatch/dispatcher.py first seen with mtime 1617296027.1302888
File /Users/sourabhupadhye/opt/anaconda3/lib/python3.8/hashlib.py first seen with mtime 1599204245.0
File /Users/sourabhupadhye/opt/anaconda3/lib/python3.8/posixpath.py first seen with mtime 1599204245.0
File /Users/sourabhupadhye/opt/anaconda3/lib/python3.8/site-packages/django/db/models/__init__.py first seen with mtime 1617296027.097021
File /Users/sourabhupadhye/opt/anaconda3/lib/python3.8/site-packages/django/http/request.py first seen with mtime 1617296027.1784647
File /Users/sourabhupadhye/opt/anaconda3/lib/python3.8/site-packages/django/utils/dates.py first seen with mtime 1617296027.2798848
File /Users/sourabhupadhye/opt/anaconda3/lib/python3.8/site-packages/django/utils/regex_helper.py first seen with mtime 1617296027.2942762
File /Users/sourabhupadhye/opt/anaconda3/lib/python3.8/encodings/utf_8.py first seen with mtime 1599204247.0
File /Users/sourabhupadhye/opt/anaconda3/lib/python3.8/site-packages/django/templatetags/i18n.py first seen with mtime 1617296027.208961
File /Users/sourabhupadhye/opt/anaconda3/lib/python3.8/site-packages/django/contrib/admin/__init__.py first seen with mtime 1617296024.7009299
File /Users/sourabhupadhye/opt/anaconda3/lib/python3.8/lib-dynload/binascii.cpython-38-darwin.so first seen with mtime 1617218345.189054
File /Users/sourabhupadhye/DJango_proprac/middlewareProject1/testApp/views.py first seen with mtime 1620157458.7255948
File /Users/sourabhupadhye/opt/anaconda3/lib/python3.8/site-packages/django/db/backends/ddl_references.py first seen with mtime 1617296027.037411
File /Users/sourabhupadhye/opt/anaconda3/lib/python3.8/locale.py first seen with mtime 1599204245.0
File /Users/sourabhupadhye/opt/anaconda3/lib/python3.8/opcode.py first seen with mtime 1599204245.0
File /Users/sourabhupadhye/opt/anaconda3/lib/python3.8/site-packages/django/shortcuts.py first seen with mtime 1617296024.3645613
File /Users/sourabhupadhye/opt/anaconda3/lib/python3.8/site-packages/django/utils/tree.py first seen with mtime 1617296027.302847
File /Users/sourabhupadhye/DJango_proprac/middlewareProject1/middlewareProject1/__init__.py first seen with mtime 1620152563.6172884
File /Users/sourabhupadhye/opt/anaconda3/lib/python3.8/site-packages/sqlparse/filters/right_margin.py first seen with mtime 1617296024.2195148
File /Users/sourabhupadhye/opt/anaconda3/lib/python3.8/site-packages/django/templatetags/l10n.py first seen with mtime 1617296027.2094252
File /Users/sourabhupadhye/opt/anaconda3/lib/python3.8/gzip.py first seen with mtime 1599204245.0
File /Users/sourabhupadhye/opt/anaconda3/lib/python3.8/site-packages/django/db/models/functions/text.py first seen with mtime 1617296027.1227891
File /Users/sourabhupadhye/opt/anaconda3/lib/python3.8/site-packages/django/core/serializers/json.py first seen with mtime 1617296027.0259755
File /Users/sourabhupadhye/opt/anaconda3/lib/python3.8/site-packages/django/db/models/constraints.py first seen with mtime 1617296027.1002834
File /Users/sourabhupadhye/opt/anaconda3/lib/python3.8/site-packages/django/utils/timesince.py first seen with mtime 1617296027.2991705
File /Users/sourabhupadhye/opt/anaconda3/lib/python3.8/html/__init__.py first seen with mtime 1599204247.0
File /Users/sourabhupadhye/opt/anaconda3/lib/python3.8/lib-dynload/_decimal.cpython-38-darwin.so first seen with mtime 1617218344.9499416
File /Users/sourabhupadhye/opt/anaconda3/lib/python3.8/site-packages/pytz/exceptions.py first seen with mtime 1588612719.0
File /Users/sourabhupadhye/opt/anaconda3/lib/python3.8/site-packages/django/contrib/admin/widgets.py first seen with mtime 1617296024.7263858
File /Users/sourabhupadhye/opt/anaconda3/lib/python3.8/site-packages/django/contrib/sessions/backends/base.py first seen with mtime 1617296026.6560261
File /Users/sourabhupadhye/opt/anaconda3/lib/python3.8/site-packages/django/conf/urls/__init__.py first seen with mtime 1617296024.6811075
File /Users/sourabhupadhye/opt/anaconda3/lib/python3.8/site-packages/django/contrib/auth/migrations/0002_alter_permission_name_max_length.py first seen with mtime 1617296025.5660613
File /Users/sourabhupadhye/opt/anaconda3/lib/python3.8/site-packages/django/contrib/auth/migrations/0010_alter_group_name_max_length.py first seen with mtime 1617296025.570783
File /Users/sourabhupadhye/opt/anaconda3/lib/python3.8/site-packages/django/contrib/contenttypes/migrations/0001_initial.py first seen with mtime 1617296025.7367253
File /Users/sourabhupadhye/DJango_proprac/middlewareProject1/testApp/middleware.py first seen with mtime 1620156891.844923
File /Users/sourabhupadhye/opt/anaconda3/lib/python3.8/site-packages/django/contrib/admin/templatetags/admin_modify.py first seen with mtime 1617296025.2127821
File /Users/sourabhupadhye/opt/anaconda3/lib/python3.8/site-packages/django/contrib/sessions/backends/db.py first seen with mtime 1617296026.6582708
File /Users/sourabhupadhye/opt/anaconda3/lib/python3.8/site-packages/django/middleware/clickjacking.py first seen with mtime 1617296027.1812296
File /Users/sourabhupadhye/opt/anaconda3/lib/python3.8/site-packages/django/views/defaults.py first seen with mtime 1617296027.3110754
File /Users/sourabhupadhye/opt/anaconda3/lib/python3.8/site-packages/django/contrib/admin/templatetags/log.py first seen with mtime 1617296025.2143936
File /Users/sourabhupadhye/opt/anaconda3/lib/python3.8/site-packages/django/contrib/admin/migrations/0003_logentry_add_action_flag_choices.py first seen with mtime 1617296025.0937445
File /Users/sourabhupadhye/opt/anaconda3/lib/python3.8/site-packages/django/db/migrations/recorder.py first seen with mtime 1617296027.087857
File /Users/sourabhupadhye/opt/anaconda3/lib/python3.8/site-packages/django/contrib/auth/migrations/0003_alter_user_email_max_length.py first seen with mtime 1617296025.566884
File /Users/sourabhupadhye/opt/anaconda3/lib/python3.8/site-packages/django/db/migrations/graph.py first seen with mtime 1617296027.0838103
File /Users/sourabhupadhye/opt/anaconda3/lib/python3.8/site-packages/django/contrib/auth/migrations/0008_alter_user_username_max_length.py first seen with mtime 1617296025.5698411
File /Users/sourabhupadhye/opt/anaconda3/lib/python3.8/site-packages/django/contrib/sessions/migrations/__init__.py first seen with mtime 1617296026.792361
File /Users/sourabhupadhye/opt/anaconda3/lib/python3.8/site-packages/django/contrib/auth/migrations/0009_alter_user_last_name_max_length.py first seen with mtime 1617296025.5703523
File /Users/sourabhupadhye/opt/anaconda3/lib/python3.8/site-packages/django/contrib/admin/migrations/__init__.py first seen with mtime 1617296025.0940611
File /Users/sourabhupadhye/opt/anaconda3/lib/python3.8/site-packages/django/contrib/auth/migrations/0005_alter_user_last_login_null.py first seen with mtime 1617296025.5679352
File /Users/sourabhupadhye/opt/anaconda3/lib/python3.8/site-packages/django/contrib/auth/migrations/0006_require_contenttypes_0002.py first seen with mtime 1617296025.5687904
File /Users/sourabhupadhye/opt/anaconda3/lib/python3.8/encodings/idna.py first seen with mtime 1599204247.0
File /Users/sourabhupadhye/opt/anaconda3/lib/python3.8/site-packages/django/middleware/common.py first seen with mtime 1617296027.1817708
File /Users/sourabhupadhye/opt/anaconda3/lib/python3.8/site-packages/django/contrib/auth/migrations/0004_alter_user_username_opts.py first seen with mtime 1617296025.567411
File /Users/sourabhupadhye/opt/anaconda3/lib/python3.8/site-packages/django/contrib/admin/templatetags/admin_list.py first seen with mtime 1617296025.2121797
File /Users/sourabhupadhye/opt/anaconda3/lib/python3.8/site-packages/django/contrib/sessions/backends/__init__.py first seen with mtime 1617296026.6553342
File /Users/sourabhupadhye/opt/anaconda3/lib/python3.8/site-packages/django/contrib/sessions/migrations/0001_initial.py first seen with mtime 1617296026.7920818
File /Users/sourabhupadhye/opt/anaconda3/lib/python3.8/site-packages/django/contrib/admin/migrations/0001_initial.py first seen with mtime 1617296025.092833
File /Users/sourabhupadhye/opt/anaconda3/lib/python3.8/site-packages/django/contrib/auth/migrations/__init__.py first seen with mtime 1617296025.5719955
File /Users/sourabhupadhye/opt/anaconda3/lib/python3.8/site-packages/django/contrib/auth/migrations/0007_alter_validators_add_error_messages.py first seen with mtime 1617296025.569402
File /Users/sourabhupadhye/opt/anaconda3/lib/python3.8/site-packages/django/db/migrations/loader.py first seen with mtime 1617296027.0848777
File /Users/sourabhupadhye/opt/anaconda3/lib/python3.8/site-packages/django/contrib/sessions/exceptions.py first seen with mtime 1617296026.653563
File /Users/sourabhupadhye/opt/anaconda3/lib/python3.8/site-packages/django/contrib/admin/migrations/0002_logentry_remove_auto_add.py first seen with mtime 1617296025.0932844
File /Users/sourabhupadhye/opt/anaconda3/lib/python3.8/site-packages/django/contrib/sessions/middleware.py first seen with mtime 1617296026.6540644
File /Users/sourabhupadhye/opt/anaconda3/lib/python3.8/site-packages/django/contrib/admin/views/main.py first seen with mtime 1617296025.2168548
File /Users/sourabhupadhye/opt/anaconda3/lib/python3.8/site-packages/django/db/migrations/executor.py first seen with mtime 1617296027.0824087
File /Users/sourabhupadhye/DJango_proprac/middlewareProject1/middlewareProject1/wsgi.py first seen with mtime 1620152563.6244776
File /Users/sourabhupadhye/opt/anaconda3/lib/python3.8/site-packages/django/contrib/auth/migrations/0011_update_proxy_permissions.py first seen with mtime 1617296025.5712504
File /Users/sourabhupadhye/opt/anaconda3/lib/python3.8/site-packages/django/middleware/security.py first seen with mtime 1617296027.1871197
File /Users/sourabhupadhye/opt/anaconda3/lib/python3.8/stringprep.py first seen with mtime 1599204245.0
File /Users/sourabhupadhye/opt/anaconda3/lib/python3.8/site-packages/django/contrib/contenttypes/migrations/__init__.py first seen with mtime 1617296025.7374659
File /Users/sourabhupadhye/opt/anaconda3/lib/python3.8/site-packages/django/contrib/messages/middleware.py first seen with mtime 1617296026.303283
File /Users/sourabhupadhye/opt/anaconda3/lib/python3.8/site-packages/django/contrib/contenttypes/migrations/0002_remove_content_type_name.py first seen with mtime 1617296025.7371562
File /Users/sourabhupadhye/opt/anaconda3/lib/python3.8/site-packages/django/contrib/auth/backends.py first seen with mtime 1617296025.404288
File /Users/sourabhupadhye/opt/anaconda3/lib/python3.8/site-packages/django/contrib/auth/middleware.py first seen with mtime 1617296025.4116302
File /Users/sourabhupadhye/opt/anaconda3/lib/python3.8/site-packages/django/contrib/auth/migrations/0012_alter_user_first_name_max_length.py first seen with mtime 1617296025.5716937
File /Users/sourabhupadhye/opt/anaconda3/lib/python3.8/site-packages/django/contrib/auth/migrations/0001_initial.py first seen with mtime 1617296025.565095
File /Users/sourabhupadhye/DJango_proprac/middlewareProject1/testApp/migrations/__init__.py first seen with mtime 1620152577.9452338
File /Users/sourabhupadhye/opt/anaconda3/lib/python3.8/site-packages/django/contrib/admin/templatetags/base.py first seen with mtime 1617296025.213871
Exception while resolving variable 'name' in template 'unknown'.
Traceback (most recent call last):
  File "/Users/sourabhupadhye/opt/anaconda3/lib/python3.8/site-packages/django/core/handlers/exception.py", line 47, in inner
    response = get_response(request)
  File "/Users/sourabhupadhye/opt/anaconda3/lib/python3.8/site-packages/django/core/handlers/base.py", line 167, in _get_response
    callback, callback_args, callback_kwargs = self.resolve_request(request)
  File "/Users/sourabhupadhye/opt/anaconda3/lib/python3.8/site-packages/django/core/handlers/base.py", line 290, in resolve_request
    resolver_match = resolver.resolve(request.path_info)
  File "/Users/sourabhupadhye/opt/anaconda3/lib/python3.8/site-packages/django/urls/resolvers.py", line 576, in resolve
    raise Resolver404({'tried': tried, 'path': new_path})
django.urls.exceptions.Resolver404: {'tried': [[<URLResolver <URLPattern list> (admin:admin) 'admin/'>], [<URLPattern '$/'>]], 'path': ''}

During handling of the above exception, another exception occurred:

Traceback (most recent call last):
  File "/Users/sourabhupadhye/opt/anaconda3/lib/python3.8/site-packages/django/template/base.py", line 829, in _resolve_lookup
    current = current[bit]
TypeError: 'URLResolver' object is not subscriptable

During handling of the above exception, another exception occurred:

Traceback (most recent call last):
  File "/Users/sourabhupadhye/opt/anaconda3/lib/python3.8/site-packages/django/template/base.py", line 837, in _resolve_lookup
    current = getattr(current, bit)
AttributeError: 'URLResolver' object has no attribute 'name'

During handling of the above exception, another exception occurred:

Traceback (most recent call last):
  File "/Users/sourabhupadhye/opt/anaconda3/lib/python3.8/site-packages/django/template/base.py", line 843, in _resolve_lookup
    current = current[int(bit)]
ValueError: invalid literal for int() with base 10: 'name'

During handling of the above exception, another exception occurred:

Traceback (most recent call last):
  File "/Users/sourabhupadhye/opt/anaconda3/lib/python3.8/site-packages/django/template/base.py", line 848, in _resolve_lookup
    raise VariableDoesNotExist("Failed lookup for key "
django.template.base.VariableDoesNotExist: Failed lookup for key [name] in <URLResolver <URLPattern list> (admin:admin) 'admin/'>
Not Found: /
"GET / HTTP/1.1" 404 2035
File /Users/sourabhupadhye/opt/anaconda3/lib/python3.8/site-packages/django/contrib/messages/utils.py first seen with mtime 1617296026.3038976
File /Users/sourabhupadhye/opt/anaconda3/lib/python3.8/site-packages/django/contrib/sessions/serializers.py first seen with mtime 1617296026.6549504
File /Users/sourabhupadhye/opt/anaconda3/lib/python3.8/site-packages/django/contrib/messages/storage/fallback.py first seen with mtime 1617296026.3100157
File /Users/sourabhupadhye/opt/anaconda3/lib/python3.8/site-packages/django/contrib/messages/storage/cookie.py first seen with mtime 1617296026.3091013
File /Users/sourabhupadhye/opt/anaconda3/lib/python3.8/site-packages/django/contrib/messages/storage/session.py first seen with mtime 1617296026.3108773
File /Users/sourabhupadhye/opt/anaconda3/lib/python3.8/site-packages/django/contrib/messages/storage/base.py first seen with mtime 1617296026.3080943
"GET /$/ HTTP/1.1" 200 33
Watching for file changes with StatReloader
Waiting for apps ready_event.
Apps ready_event triggered. Sending autoreload_started signal.
Watching dir /Users/sourabhupadhye/DJango_proprac/middlewareProject1/locale with glob **/*.mo.
Watching dir /Users/sourabhupadhye/DJango_proprac/middlewareProject1/testApp/locale with glob **/*.mo.
(0.000) 
            SELECT name, type FROM sqlite_master
            WHERE type in ('table', 'view') AND NOT name='sqlite_sequence'
            ORDER BY name; args=None
File /Users/sourabhupadhye/opt/anaconda3/lib/python3.8/site-packages/django/db/models/sql/where.py first seen with mtime 1617296027.1291401
File /Users/sourabhupadhye/opt/anaconda3/lib/python3.8/site-packages/django/views/decorators/csrf.py first seen with mtime 1617296027.3138592
File /Users/sourabhupadhye/opt/anaconda3/lib/python3.8/site-packages/django/urls/exceptions.py first seen with mtime 1617296027.2473574
File /Users/sourabhupadhye/opt/anaconda3/lib/python3.8/site-packages/django/views/i18n.py first seen with mtime 1617296027.3115814
File /Users/sourabhupadhye/opt/anaconda3/lib/python3.8/site-packages/django/db/backends/base/creation.py first seen with mtime 1617296027.0418456
File /Users/sourabhupadhye/opt/anaconda3/lib/python3.8/site-packages/django/utils/datastructures.py first seen with mtime 1617296027.2765515
File /Users/sourabhupadhye/opt/anaconda3/lib/python3.8/site-packages/django/db/models/fields/reverse_related.py first seen with mtime 1617296027.1183832
File /Users/sourabhupadhye/opt/anaconda3/lib/python3.8/site-packages/django/template/response.py first seen with mtime 1617296027.1953547
File /Users/sourabhupadhye/opt/anaconda3/lib/python3.8/email/mime/text.py first seen with mtime 1599204247.0
File /Users/sourabhupadhye/opt/anaconda3/lib/python3.8/numbers.py first seen with mtime 1599204245.0
File /Users/sourabhupadhye/opt/anaconda3/lib/python3.8/lib-dynload/_bz2.cpython-38-darwin.so first seen with mtime 1617218344.8360338
File /Users/sourabhupadhye/opt/anaconda3/lib/python3.8/warnings.py first seen with mtime 1599204245.0
File /Users/sourabhupadhye/opt/anaconda3/lib/python3.8/asyncio/runners.py first seen with mtime 1599204247.0
File /Users/sourabhupadhye/opt/anaconda3/lib/python3.8/site-packages/django/contrib/admin/models.py first seen with mtime 1617296024.712543
File /Users/sourabhupadhye/opt/anaconda3/lib/python3.8/site-packages/django/db/models/signals.py first seen with mtime 1617296027.109254
File /Users/sourabhupadhye/opt/anaconda3/lib/python3.8/urllib/error.py first seen with mtime 1599204248.0
File /Users/sourabhupadhye/opt/anaconda3/lib/python3.8/site-packages/django/db/backends/base/operations.py first seen with mtime 1617296027.0440538
File /Users/sourabhupadhye/opt/anaconda3/lib/python3.8/site-packages/django/utils/timezone.py first seen with mtime 1617296027.300453
File /Users/sourabhupadhye/opt/anaconda3/lib/python3.8/site-packages/django/contrib/messages/api.py first seen with mtime 1617296026.3014615
File /Users/sourabhupadhye/opt/anaconda3/lib/python3.8/site-packages/django/core/handlers/__init__.py first seen with mtime 1617296026.9931307
File /Users/sourabhupadhye/opt/anaconda3/lib/python3.8/site-packages/django/db/migrations/operations/utils.py first seen with mtime 1617296027.0963407
File /Users/sourabhupadhye/opt/anaconda3/lib/python3.8/site-packages/django/utils/itercompat.py first seen with mtime 1617296027.2900631
File /Users/sourabhupadhye/opt/anaconda3/lib/python3.8/site-packages/django/views/decorators/__init__.py first seen with mtime 1617296027.3125575
File /Users/sourabhupadhye/opt/anaconda3/lib/python3.8/bz2.py first seen with mtime 1599204245.0
File /Users/sourabhupadhye/opt/anaconda3/lib/python3.8/random.py first seen with mtime 1599204245.0
File /Users/sourabhupadhye/opt/anaconda3/lib/python3.8/site-packages/django/views/debug.py first seen with mtime 1617296027.3105874
File /Users/sourabhupadhye/opt/anaconda3/lib/python3.8/site-packages/django/core/mail/__init__.py first seen with mtime 1617296026.9960954
File /Users/sourabhupadhye/opt/anaconda3/lib/python3.8/site-packages/django/utils/asyncio.py first seen with mtime 1617296027.2732832
File /Users/sourabhupadhye/opt/anaconda3/lib/python3.8/site-packages/django/db/models/options.py first seen with mtime 1617296027.1070943
File /Users/sourabhupadhye/opt/anaconda3/lib/python3.8/asyncio/staggered.py first seen with mtime 1599204247.0
File /Users/sourabhupadhye/opt/anaconda3/lib/python3.8/lib-dynload/_blake2.cpython-38-darwin.so first seen with mtime 1617218344.8296332
File /Users/sourabhupadhye/opt/anaconda3/lib/python3.8/site-packages/django/db/models/functions/datetime.py first seen with mtime 1617296027.120702
File /Users/sourabhupadhye/opt/anaconda3/lib/python3.8/site-packages/pytz/tzinfo.py first seen with mtime 1588612719.0
File /Users/sourabhupadhye/opt/anaconda3/lib/python3.8/site-packages/django/core/checks/security/csrf.py first seen with mtime 1617296026.9857883
File /Users/sourabhupadhye/opt/anaconda3/lib/python3.8/site-packages/django/urls/converters.py first seen with mtime 1617296027.2464628
File /Users/sourabhupadhye/opt/anaconda3/lib/python3.8/site-packages/jinja2/bccache.py first seen with mtime 1588170723.0
File /Users/sourabhupadhye/opt/anaconda3/lib/python3.8/site-packages/django/core/cache/backends/base.py first seen with mtime 1617296026.9750082
File /Users/sourabhupadhye/opt/anaconda3/lib/python3.8/site-packages/django/core/files/temp.py first seen with mtime 1617296026.990627
File /Users/sourabhupadhye/opt/anaconda3/lib/python3.8/site-packages/django/contrib/auth/checks.py first seen with mtime 1617296025.4078374
File /Users/sourabhupadhye/opt/anaconda3/lib/python3.8/site-packages/django/db/backends/base/__init__.py first seen with mtime 1617296027.0392137
File /Users/sourabhupadhye/opt/anaconda3/lib/python3.8/site-packages/django/core/management/__init__.py first seen with mtime 1617296027.0043383
File /Users/sourabhupadhye/opt/anaconda3/lib/python3.8/ntpath.py first seen with mtime 1599204245.0
File /Users/sourabhupadhye/opt/anaconda3/lib/python3.8/site-packages/django/utils/ipv6.py first seen with mtime 1617296027.2895217
File /Users/sourabhupadhye/opt/anaconda3/lib/python3.8/site-packages/sqlparse/engine/__init__.py first seen with mtime 1617296024.2100627
File /Users/sourabhupadhye/opt/anaconda3/lib/python3.8/site-packages/django/contrib/admin/checks.py first seen with mtime 1617296024.706952
File /Users/sourabhupadhye/opt/anaconda3/lib/python3.8/site-packages/django/contrib/admin/widgets.py first seen with mtime 1617296024.7263858
File /Users/sourabhupadhye/opt/anaconda3/lib/python3.8/site-packages/django/db/models/fields/mixins.py first seen with mtime 1617296027.1135325
File /Users/sourabhupadhye/opt/anaconda3/lib/python3.8/site-packages/django/contrib/auth/signals.py first seen with mtime 1617296025.4136503
File /Users/sourabhupadhye/opt/anaconda3/lib/python3.8/getpass.py first seen with mtime 1599204245.0
File /Users/sourabhupadhye/opt/anaconda3/lib/python3.8/lib-dynload/_sqlite3.cpython-38-darwin.so first seen with mtime 1617218345.092054
File /Users/sourabhupadhye/opt/anaconda3/lib/python3.8/site-packages/jinja2/tests.py first seen with mtime 1588170723.0
File /Users/sourabhupadhye/opt/anaconda3/lib/python3.8/site-packages/sqlparse/exceptions.py first seen with mtime 1617296024.2061305
File /Users/sourabhupadhye/opt/anaconda3/lib/python3.8/site-packages/django/forms/utils.py first seen with mtime 1617296027.1386786
File /Users/sourabhupadhye/opt/anaconda3/lib/python3.8/site-packages/django/db/models/fields/json.py first seen with mtime 1617296027.1125448
File /Users/sourabhupadhye/opt/anaconda3/lib/python3.8/logging/handlers.py first seen with mtime 1599204248.0
File /Users/sourabhupadhye/opt/anaconda3/lib/python3.8/site-packages/django/db/backends/base/introspection.py first seen with mtime 1617296027.0432615
File /Users/sourabhupadhye/opt/anaconda3/lib/python3.8/site-packages/django/views/generic/edit.py first seen with mtime 1617296027.3210874
File /Users/sourabhupadhye/opt/anaconda3/lib/python3.8/site-packages/django/utils/lorem_ipsum.py first seen with mtime 1617296027.2927582
File /Users/sourabhupadhye/DJango_proprac/middlewareProject1/testApp/views.py first seen with mtime 1620157458.7255948
File /Users/sourabhupadhye/opt/anaconda3/lib/python3.8/site-packages/django/core/handlers/exception.py first seen with mtime 1617296026.9949608
File /Users/sourabhupadhye/opt/anaconda3/lib/python3.8/token.py first seen with mtime 1599204245.0
File /Users/sourabhupadhye/opt/anaconda3/lib/python3.8/site-packages/django/core/paginator.py first seen with mtime 1617296026.9708917
File /Users/sourabhupadhye/opt/anaconda3/lib/python3.8/asyncio/constants.py first seen with mtime 1599204247.0
File /Users/sourabhupadhye/opt/anaconda3/lib/python3.8/site-packages/django/contrib/admin/options.py first seen with mtime 1617296024.7137413
File /Users/sourabhupadhye/opt/anaconda3/lib/python3.8/email/mime/__init__.py first seen with mtime 1599204247.0
File /Users/sourabhupadhye/opt/anaconda3/lib/python3.8/site-packages/django/db/models/sql/subqueries.py first seen with mtime 1617296027.128666
File /Users/sourabhupadhye/opt/anaconda3/lib/python3.8/site-packages/django/contrib/contenttypes/fields.py first seen with mtime 1617296025.5756462
File /Users/sourabhupadhye/opt/anaconda3/lib/python3.8/site-packages/django/db/migrations/operations/models.py first seen with mtime 1617296027.095304
File /Users/sourabhupadhye/opt/anaconda3/lib/python3.8/site-packages/django/contrib/messages/apps.py first seen with mtime 1617296026.3021142
File /Users/sourabhupadhye/opt/anaconda3/lib/python3.8/site-packages/django/contrib/admin/decorators.py first seen with mtime 1617296024.7080433
File /Users/sourabhupadhye/opt/anaconda3/lib/python3.8/_sitebuiltins.py first seen with mtime 1599204245.0
File /Users/sourabhupadhye/opt/anaconda3/lib/python3.8/site-packages/sqlparse/filters/tokens.py first seen with mtime 1617296024.2202287
File /Users/sourabhupadhye/opt/anaconda3/lib/python3.8/_bootlocale.py first seen with mtime 1599204245.0
File /Users/sourabhupadhye/opt/anaconda3/lib/python3.8/site-packages/django/db/migrations/state.py first seen with mtime 1617296027.089715
File /Users/sourabhupadhye/opt/anaconda3/lib/python3.8/site-packages/django/db/models/sql/query.py first seen with mtime 1617296027.1280005
File /Users/sourabhupadhye/opt/anaconda3/lib/python3.8/email/_header_value_parser.py first seen with mtime 1599204247.0
File /Users/sourabhupadhye/opt/anaconda3/lib/python3.8/socket.py first seen with mtime 1599204245.0
File /Users/sourabhupadhye/opt/anaconda3/lib/python3.8/site-packages/django/db/backends/base/validation.py first seen with mtime 1617296027.0474386
File /Users/sourabhupadhye/opt/anaconda3/lib/python3.8/site-packages/django/db/models/base.py first seen with mtime 1617296027.0988038
File /Users/sourabhupadhye/opt/anaconda3/lib/python3.8/site-packages/django/views/generic/dates.py first seen with mtime 1617296027.3196929
File /Users/sourabhupadhye/opt/anaconda3/lib/python3.8/site-packages/django/db/models/constraints.py first seen with mtime 1617296027.1002834
File /Users/sourabhupadhye/opt/anaconda3/lib/python3.8/sre_constants.py first seen with mtime 1599204245.0
File /Users/sourabhupadhye/opt/anaconda3/lib/python3.8/urllib/__init__.py first seen with mtime 1599204248.0
File /Users/sourabhupadhye/opt/anaconda3/lib/python3.8/threading.py first seen with mtime 1599204245.0
File /Users/sourabhupadhye/opt/anaconda3/lib/python3.8/bisect.py first seen with mtime 1599204245.0
File /Users/sourabhupadhye/opt/anaconda3/lib/python3.8/site-packages/django/db/backends/sqlite3/features.py first seen with mtime 1617296027.0754545
File /Users/sourabhupadhye/opt/anaconda3/lib/python3.8/site-packages/django/contrib/contenttypes/__init__.py first seen with mtime 1617296025.573797
File /Users/sourabhupadhye/opt/anaconda3/lib/python3.8/site-packages/django/utils/translation/__init__.py first seen with mtime 1617296027.3046393
File /Users/sourabhupadhye/opt/anaconda3/lib/python3.8/http/server.py first seen with mtime 1599204248.0
File /Users/sourabhupadhye/opt/anaconda3/lib/python3.8/site-packages/django/core/checks/templates.py first seen with mtime 1617296026.981654
File /Users/sourabhupadhye/opt/anaconda3/lib/python3.8/site-packages/django/http/__init__.py first seen with mtime 1617296027.1758244
File /Users/sourabhupadhye/DJango_proprac/middlewareProject1/testApp/admin.py first seen with mtime 1620152577.935753
File /Users/sourabhupadhye/opt/anaconda3/lib/python3.8/lib-dynload/fcntl.cpython-38-darwin.so first seen with mtime 1617218345.201454
File /Users/sourabhupadhye/opt/anaconda3/lib/python3.8/asyncio/format_helpers.py first seen with mtime 1599204247.0
File /Users/sourabhupadhye/opt/anaconda3/lib/python3.8/site-packages/django/contrib/admin/exceptions.py first seen with mtime 1617296024.7091095
File /Users/sourabhupadhye/opt/anaconda3/lib/python3.8/site-packages/sqlparse/filters/others.py first seen with mtime 1617296024.2164714
File /Users/sourabhupadhye/opt/anaconda3/lib/python3.8/site-packages/django/utils/regex_helper.py first seen with mtime 1617296027.2942762
File /Users/sourabhupadhye/opt/anaconda3/lib/python3.8/asyncio/events.py first seen with mtime 1599204247.0
File /Users/sourabhupadhye/opt/anaconda3/lib/python3.8/datetime.py first seen with mtime 1599204245.0
File /Users/sourabhupadhye/opt/anaconda3/lib/python3.8/site-packages/django/utils/__init__.py first seen with mtime 1617296027.2660797
File /Users/sourabhupadhye/opt/anaconda3/lib/python3.8/ipaddress.py first seen with mtime 1599204245.0
File /Users/sourabhupadhye/opt/anaconda3/lib/python3.8/site-packages/django/utils/tree.py first seen with mtime 1617296027.302847
File /Users/sourabhupadhye/opt/anaconda3/lib/python3.8/site-packages/zope/__init__.py first seen with mtime 1573662590.0
File /Users/sourabhupadhye/opt/anaconda3/lib/python3.8/lib-dynload/_sha512.cpython-38-darwin.so first seen with mtime 1617218345.0791306
File /Users/sourabhupadhye/opt/anaconda3/lib/python3.8/site-packages/django/utils/dateparse.py first seen with mtime 1617296027.2780907
File /Users/sourabhupadhye/opt/anaconda3/lib/python3.8/inspect.py first seen with mtime 1599204245.0
File /Users/sourabhupadhye/opt/anaconda3/lib/python3.8/site-packages/django/core/servers/basehttp.py first seen with mtime 1617296027.0305858
File /Users/sourabhupadhye/opt/anaconda3/lib/python3.8/site-packages/django/conf/locale/__init__.py first seen with mtime 1617296024.3729436
File /Users/sourabhupadhye/opt/anaconda3/lib/python3.8/site-packages/jinja2/loaders.py first seen with mtime 1588170723.0
File /Users/sourabhupadhye/opt/anaconda3/lib/python3.8/email/__init__.py first seen with mtime 1599204247.0
File /Users/sourabhupadhye/opt/anaconda3/lib/python3.8/site-packages/jinja2/__init__.py first seen with mtime 1588170723.0
File /Users/sourabhupadhye/opt/anaconda3/lib/python3.8/wsgiref/handlers.py first seen with mtime 1599204248.0
File /Users/sourabhupadhye/opt/anaconda3/lib/python3.8/site-packages/django/db/models/lookups.py first seen with mtime 1617296027.1054134
File /Users/sourabhupadhye/opt/anaconda3/lib/python3.8/site-packages/django/db/backends/base/client.py first seen with mtime 1617296027.0409307
File /Users/sourabhupadhye/opt/anaconda3/lib/python3.8/site-packages/django/contrib/admin/filters.py first seen with mtime 1617296024.7100983
File /Users/sourabhupadhye/opt/anaconda3/lib/python3.8/site-packages/django/contrib/admin/apps.py first seen with mtime 1617296024.705667
File /Users/sourabhupadhye/opt/anaconda3/lib/python3.8/asyncio/queues.py first seen with mtime 1599204247.0
File /Users/sourabhupadhye/opt/anaconda3/lib/python3.8/lib-dynload/_ssl.cpython-38-darwin.so first seen with mtime 1617218345.100053
File /Users/sourabhupadhye/opt/anaconda3/lib/python3.8/site-packages/django/core/checks/caches.py first seen with mtime 1617296026.9792535
File /Users/sourabhupadhye/opt/anaconda3/lib/python3.8/email/_parseaddr.py first seen with mtime 1599204247.0
File /Users/sourabhupadhye/opt/anaconda3/lib/python3.8/site-packages/django/contrib/admin/templatetags/__init__.py first seen with mtime 1617296025.2116113
File /Users/sourabhupadhye/opt/anaconda3/lib/python3.8/site-packages/django/db/models/sql/datastructures.py first seen with mtime 1617296027.1266685
File /Users/sourabhupadhye/opt/anaconda3/lib/python3.8/site-packages/django/db/models/utils.py first seen with mtime 1617296027.1097589
File /Users/sourabhupadhye/opt/anaconda3/lib/python3.8/site-packages/django/utils/functional.py first seen with mtime 1617296027.2866898
File /Users/sourabhupadhye/opt/anaconda3/lib/python3.8/site-packages/django/template/exceptions.py first seen with mtime 1617296027.1929967
File /Users/sourabhupadhye/opt/anaconda3/lib/python3.8/lib-dynload/unicodedata.cpython-38-darwin.so first seen with mtime 1617218345.2847292
File /Users/sourabhupadhye/opt/anaconda3/lib/python3.8/site-packages/sqlparse/engine/grouping.py first seen with mtime 1617296024.21209
File /Users/sourabhupadhye/opt/anaconda3/lib/python3.8/site-packages/asgiref/current_thread_executor.py first seen with mtime 1617296024.2938335
File /Users/sourabhupadhye/opt/anaconda3/lib/python3.8/site-packages/django/views/generic/detail.py first seen with mtime 1617296027.3202777
File /Users/sourabhupadhye/opt/anaconda3/lib/python3.8/asyncio/locks.py first seen with mtime 1599204247.0
File /Users/sourabhupadhye/DJango_proprac/middlewareProject1/testApp/models.py first seen with mtime 1620152577.9424286
File /Users/sourabhupadhye/opt/anaconda3/lib/python3.8/_collections_abc.py first seen with mtime 1599204245.0
File /Users/sourabhupadhye/opt/anaconda3/lib/python3.8/asyncio/exceptions.py first seen with mtime 1599204247.0
File /Users/sourabhupadhye/opt/anaconda3/lib/python3.8/email/feedparser.py first seen with mtime 1599204247.0
File /Users/sourabhupadhye/opt/anaconda3/lib/python3.8/site-packages/django/templatetags/cache.py first seen with mtime 1617296027.2083392
File /Users/sourabhupadhye/opt/anaconda3/lib/python3.8/site-packages/django/__init__.py first seen with mtime 1617296024.3633869
File /Users/sourabhupadhye/opt/anaconda3/lib/python3.8/site-packages/django/core/checks/database.py first seen with mtime 1617296026.9797077
File /Users/sourabhupadhye/opt/anaconda3/lib/python3.8/site-packages/django/utils/duration.py first seen with mtime 1617296027.2837133
File /Users/sourabhupadhye/opt/anaconda3/lib/python3.8/lzma.py first seen with mtime 1599204245.0
File /Users/sourabhupadhye/opt/anaconda3/lib/python3.8/site-packages/django/core/files/uploadhandler.py first seen with mtime 1617296026.991958
File /Users/sourabhupadhye/opt/anaconda3/lib/python3.8/site-packages/jinja2/parser.py first seen with mtime 1588170723.0
File /Users/sourabhupadhye/opt/anaconda3/lib/python3.8/site-packages/django/template/base.py first seen with mtime 1617296027.1888309
File /Users/sourabhupadhye/DJango_proprac/middlewareProject1/middlewareProject1/urls.py first seen with mtime 1620153118.5564437
File /Users/sourabhupadhye/opt/anaconda3/lib/python3.8/wsgiref/simple_server.py first seen with mtime 1599204248.0
File /Users/sourabhupadhye/opt/anaconda3/lib/python3.8/site-packages/django/utils/deconstruct.py first seen with mtime 1617296027.281761
File /Users/sourabhupadhye/opt/anaconda3/lib/python3.8/site-packages/django/db/backends/signals.py first seen with mtime 1617296027.03829
File /Users/sourabhupadhye/opt/anaconda3/lib/python3.8/site-packages/django/contrib/auth/admin.py first seen with mtime 1617296025.4017544
File /Users/sourabhupadhye/opt/anaconda3/lib/python3.8/site-packages/django/db/backends/sqlite3/creation.py first seen with mtime 1617296027.074764
File /Users/sourabhupadhye/opt/anaconda3/lib/python3.8/email/mime/nonmultipart.py first seen with mtime 1599204247.0
File /Users/sourabhupadhye/opt/anaconda3/lib/python3.8/selectors.py first seen with mtime 1599204245.0
File /Users/sourabhupadhye/opt/anaconda3/lib/python3.8/site-packages/django/db/models/functions/window.py first seen with mtime 1617296027.1233263
File /Users/sourabhupadhye/opt/anaconda3/lib/python3.8/email/charset.py first seen with mtime 1599204247.0
File /Users/sourabhupadhye/opt/anaconda3/lib/python3.8/site-packages/django/utils/formats.py first seen with mtime 1617296027.2861285
File /Users/sourabhupadhye/opt/anaconda3/lib/python3.8/site-packages/django/core/exceptions.py first seen with mtime 1617296026.970265
File /Users/sourabhupadhye/opt/anaconda3/lib/python3.8/site-packages/django/core/checks/urls.py first seen with mtime 1617296026.9829967
File /Users/sourabhupadhye/opt/anaconda3/lib/python3.8/site-packages/django/contrib/sessions/models.py first seen with mtime 1617296026.6545117
File /Users/sourabhupadhye/opt/anaconda3/lib/python3.8/site-packages/django/core/serializers/json.py first seen with mtime 1617296027.0259755
File /Users/sourabhupadhye/opt/anaconda3/lib/python3.8/asyncio/base_subprocess.py first seen with mtime 1599204247.0
File /Users/sourabhupadhye/opt/anaconda3/lib/python3.8/email/_policybase.py first seen with mtime 1599204247.0
File /Users/sourabhupadhye/opt/anaconda3/lib/python3.8/__future__.py first seen with mtime 1599204245.0
File /Users/sourabhupadhye/opt/anaconda3/lib/python3.8/lib-dynload/_lzma.cpython-38-darwin.so first seen with mtime 1617218344.9904492
File /Users/sourabhupadhye/opt/anaconda3/lib/python3.8/site-packages/sqlparse/filters/output.py first seen with mtime 1617296024.2172587
File /Users/sourabhupadhye/opt/anaconda3/lib/python3.8/asyncio/futures.py first seen with mtime 1599204247.0
File /Users/sourabhupadhye/opt/anaconda3/lib/python3.8/asyncio/trsock.py first seen with mtime 1599204247.0
File /Users/sourabhupadhye/opt/anaconda3/lib/python3.8/site-packages/django/contrib/admin/utils.py first seen with mtime 1617296024.72505
File /Users/sourabhupadhye/opt/anaconda3/lib/python3.8/site-packages/django/db/models/manager.py first seen with mtime 1617296027.1063745
File /Users/sourabhupadhye/opt/anaconda3/lib/python3.8/copy.py first seen with mtime 1599204245.0
File /Users/sourabhupadhye/opt/anaconda3/lib/python3.8/site-packages/django/middleware/csrf.py first seen with mtime 1617296027.1825535
File /Users/sourabhupadhye/opt/anaconda3/lib/python3.8/site-packages/django/utils/version.py first seen with mtime 1617296027.3033442
File /Users/sourabhupadhye/opt/anaconda3/lib/python3.8/importlib/__init__.py first seen with mtime 1599204247.0
File /Users/sourabhupadhye/opt/anaconda3/lib/python3.8/email/policy.py first seen with mtime 1599204247.0
File /Users/sourabhupadhye/opt/anaconda3/lib/python3.8/email/base64mime.py first seen with mtime 1599204247.0
File /Users/sourabhupadhye/opt/anaconda3/lib/python3.8/site-packages/django/db/backends/sqlite3/operations.py first seen with mtime 1617296027.0765908
File /Users/sourabhupadhye/opt/anaconda3/lib/python3.8/site-packages/django/urls/__init__.py first seen with mtime 1617296027.2426512
File /Users/sourabhupadhye/opt/anaconda3/lib/python3.8/site-packages/django/utils/timesince.py first seen with mtime 1617296027.2991705
File /Users/sourabhupadhye/opt/anaconda3/lib/python3.8/site-packages/django/core/wsgi.py first seen with mtime 1617296026.972973
File /Users/sourabhupadhye/opt/anaconda3/lib/python3.8/site-packages/jinja2/compiler.py first seen with mtime 1588170723.0
File /Users/sourabhupadhye/opt/anaconda3/lib/python3.8/pkgutil.py first seen with mtime 1599204245.0
File /Users/sourabhupadhye/opt/anaconda3/lib/python3.8/site-packages/django/db/migrations/operations/special.py first seen with mtime 1617296027.0958862
File /Users/sourabhupadhye/opt/anaconda3/lib/python3.8/site-packages/asgiref/local.py first seen with mtime 1617296024.2942867
File /Users/sourabhupadhye/opt/anaconda3/lib/python3.8/site-packages/django/contrib/staticfiles/handlers.py first seen with mtime 1617296026.9617069
File /Users/sourabhupadhye/opt/anaconda3/lib/python3.8/lib-dynload/_json.cpython-38-darwin.so first seen with mtime 1617218344.978638
File /Users/sourabhupadhye/opt/anaconda3/lib/python3.8/site-packages/sqlparse/tokens.py first seen with mtime 1617296024.209015
File /Users/sourabhupadhye/opt/anaconda3/lib/python3.8/site-packages/django/template/defaultfilters.py first seen with mtime 1617296027.1909347
File /Users/sourabhupadhye/opt/anaconda3/lib/python3.8/string.py first seen with mtime 1599204245.0
File /Users/sourabhupadhye/opt/anaconda3/lib/python3.8/asyncio/log.py first seen with mtime 1599204247.0
File /Users/sourabhupadhye/opt/anaconda3/lib/python3.8/site-packages/django/contrib/staticfiles/management/commands/runserver.py first seen with mtime 1617296026.9665034
File /Users/sourabhupadhye/opt/anaconda3/lib/python3.8/contextvars.py first seen with mtime 1599204245.0
File /Users/sourabhupadhye/opt/anaconda3/lib/python3.8/site-packages/pytz/tzfile.py first seen with mtime 1588612719.0
File /Users/sourabhupadhye/opt/anaconda3/lib/python3.8/site-packages/django/shortcuts.py first seen with mtime 1617296024.3645613
File /Users/sourabhupadhye/opt/anaconda3/lib/python3.8/site-packages/django/db/backends/sqlite3/__init__.py first seen with mtime 1617296027.0712245
File /Users/sourabhupadhye/opt/anaconda3/lib/python3.8/lib-dynload/_statistics.cpython-38-darwin.so first seen with mtime 1617218345.1065328
File /Users/sourabhupadhye/opt/anaconda3/lib/python3.8/site-packages/django/templatetags/static.py first seen with mtime 1617296027.2098897
File /Users/sourabhupadhye/opt/anaconda3/lib/python3.8/contextlib.py first seen with mtime 1599204245.0
File /Users/sourabhupadhye/opt/anaconda3/lib/python3.8/site-packages/django/db/models/functions/mixins.py first seen with mtime 1617296027.1217287
File /Users/sourabhupadhye/opt/anaconda3/lib/python3.8/fractions.py first seen with mtime 1599204245.0
File /Users/sourabhupadhye/opt/anaconda3/lib/python3.8/lib-dynload/select.cpython-38-darwin.so first seen with mtime 1617218345.2592123
File /Users/sourabhupadhye/opt/anaconda3/lib/python3.8/concurrent/futures/thread.py first seen with mtime 1599204247.0
File /Users/sourabhupadhye/opt/anaconda3/lib/python3.8/json/__init__.py first seen with mtime 1599204247.0
File /Users/sourabhupadhye/opt/anaconda3/lib/python3.8/site-packages/pytz/lazy.py first seen with mtime 1588612719.0
File /Users/sourabhupadhye/opt/anaconda3/lib/python3.8/site-packages/django/contrib/staticfiles/views.py first seen with mtime 1617296026.9643402
File /Users/sourabhupadhye/opt/anaconda3/lib/python3.8/lib-dynload/_random.cpython-38-darwin.so first seen with mtime 1617218345.0464618
File /Users/sourabhupadhye/opt/anaconda3/lib/python3.8/site-packages/django/contrib/auth/models.py first seen with mtime 1617296025.412695
File /Users/sourabhupadhye/opt/anaconda3/lib/python3.8/urllib/response.py first seen with mtime 1599204248.0
File /Users/sourabhupadhye/opt/anaconda3/lib/python3.8/lib-dynload/_uuid.cpython-38-darwin.so first seen with mtime 1617218345.1573336
File /Users/sourabhupadhye/opt/anaconda3/lib/python3.8/site-packages/django/template/utils.py first seen with mtime 1617296027.1967895
File /Users/sourabhupadhye/opt/anaconda3/lib/python3.8/site-packages/markupsafe/__init__.py first seen with mtime 1594371725.0
File /Users/sourabhupadhye/opt/anaconda3/lib/python3.8/site-packages/django/template/backends/base.py first seen with mtime 1617296027.1976235
File /Users/sourabhupadhye/opt/anaconda3/lib/python3.8/site-packages/django/contrib/sessions/base_session.py first seen with mtime 1617296026.6527696
File /Users/sourabhupadhye/opt/anaconda3/lib/python3.8/lib-dynload/_struct.cpython-38-darwin.so first seen with mtime 1617218345.1134708
File /Users/sourabhupadhye/opt/anaconda3/lib/python3.8/json/decoder.py first seen with mtime 1599204247.0
File /Users/sourabhupadhye/opt/anaconda3/lib/python3.8/site-packages/django/contrib/messages/__init__.py first seen with mtime 1617296026.300531
File /Users/sourabhupadhye/opt/anaconda3/lib/python3.8/site-packages/django/core/management/commands/runserver.py first seen with mtime 1617296027.0135667
File /Users/sourabhupadhye/opt/anaconda3/lib/python3.8/site-packages/django/core/serializers/__init__.py first seen with mtime 1617296027.0236638
File /Users/sourabhupadhye/opt/anaconda3/lib/python3.8/site-packages/django/contrib/contenttypes/forms.py first seen with mtime 1617296025.5762908
File /Users/sourabhupadhye/opt/anaconda3/lib/python3.8/site-packages/django/http/response.py first seen with mtime 1617296027.1794868
File /Users/sourabhupadhye/opt/anaconda3/lib/python3.8/secrets.py first seen with mtime 1599204245.0
File /Users/sourabhupadhye/opt/anaconda3/lib/python3.8/site-packages/jinja2/defaults.py first seen with mtime 1588170723.0
File /Users/sourabhupadhye/opt/anaconda3/lib/python3.8/site-packages/django/utils/dateformat.py first seen with mtime 1617296027.2771146
File /Users/sourabhupadhye/opt/anaconda3/lib/python3.8/linecache.py first seen with mtime 1599204245.0
File /Users/sourabhupadhye/opt/anaconda3/lib/python3.8/site-packages/django/db/backends/base/schema.py first seen with mtime 1617296027.0458438
File /Users/sourabhupadhye/opt/anaconda3/lib/python3.8/site-packages/sqlparse/__init__.py first seen with mtime 1617296024.2036743
File /Users/sourabhupadhye/opt/anaconda3/lib/python3.8/site-packages/django/contrib/auth/hashers.py first seen with mtime 1617296025.4111655
File /Users/sourabhupadhye/opt/anaconda3/lib/python3.8/site-packages/django/contrib/auth/tokens.py first seen with mtime 1617296025.4141061
File /Users/sourabhupadhye/opt/anaconda3/lib/python3.8/site-packages/django/db/models/deletion.py first seen with mtime 1617296027.1012855
File /Users/sourabhupadhye/opt/anaconda3/lib/python3.8/site-packages/django/template/defaulttags.py first seen with mtime 1617296027.1916976
File /Users/sourabhupadhye/opt/anaconda3/lib/python3.8/site-packages/pytz/exceptions.py first seen with mtime 1588612719.0
File /Users/sourabhupadhye/opt/anaconda3/lib/python3.8/asyncio/base_events.py first seen with mtime 1599204247.0
File /Users/sourabhupadhye/opt/anaconda3/lib/python3.8/wsgiref/util.py first seen with mtime 1599204248.0
File /Users/sourabhupadhye/opt/anaconda3/lib/python3.8/site-packages/jinja2/_identifier.py first seen with mtime 1588170723.0
File /Users/sourabhupadhye/opt/anaconda3/lib/python3.8/site-packages/sqlparse/engine/statement_splitter.py first seen with mtime 1617296024.213889
File /Users/sourabhupadhye/opt/anaconda3/lib/python3.8/email/_encoded_words.py first seen with mtime 1599204247.0
File /Users/sourabhupadhye/opt/anaconda3/lib/python3.8/shutil.py first seen with mtime 1599204245.0
File /Users/sourabhupadhye/opt/anaconda3/lib/python3.8/asyncio/subprocess.py first seen with mtime 1599204247.0
File /Users/sourabhupadhye/opt/anaconda3/lib/python3.8/lib-dynload/_bisect.cpython-38-darwin.so first seen with mtime 1617218344.8237193
File /Users/sourabhupadhye/opt/anaconda3/lib/python3.8/site-packages/django/contrib/messages/storage/__init__.py first seen with mtime 1617296026.307243
File /Users/sourabhupadhye/opt/anaconda3/lib/python3.8/site-packages/django/contrib/staticfiles/utils.py first seen with mtime 1617296026.9638696
File /Users/sourabhupadhye/opt/anaconda3/lib/python3.8/encodings/__init__.py first seen with mtime 1599204247.0
File /Users/sourabhupadhye/opt/anaconda3/lib/python3.8/site-packages/django/db/__init__.py first seen with mtime 1617296027.0332382
File /Users/sourabhupadhye/opt/anaconda3/lib/python3.8/site-packages/django/templatetags/tz.py first seen with mtime 1617296027.2103438
File /Users/sourabhupadhye/opt/anaconda3/lib/python3.8/site-packages/django/views/generic/base.py first seen with mtime 1617296027.3189447
File /Users/sourabhupadhye/opt/anaconda3/lib/python3.8/socketserver.py first seen with mtime 1599204245.0
File /Users/sourabhupadhye/opt/anaconda3/lib/python3.8/lib-dynload/_hashlib.cpython-38-darwin.so first seen with mtime 1617218344.9656227
File /Users/sourabhupadhye/opt/anaconda3/lib/python3.8/codecs.py first seen with mtime 1599204245.0
File /Users/sourabhupadhye/opt/anaconda3/lib/python3.8/site-packages/django/db/models/aggregates.py first seen with mtime 1617296027.097586
File /Users/sourabhupadhye/opt/anaconda3/lib/python3.8/lib-dynload/_sha3.cpython-38-darwin.so first seen with mtime 1617218345.072218
File /Users/sourabhupadhye/opt/anaconda3/lib/python3.8/site-packages/django/views/static.py first seen with mtime 1617296027.3120484
File /Users/sourabhupadhye/opt/anaconda3/lib/python3.8/subprocess.py first seen with mtime 1599204245.0
File /Users/sourabhupadhye/opt/anaconda3/lib/python3.8/site-packages/django/utils/text.py first seen with mtime 1617296027.2979836
File /Users/sourabhupadhye/opt/anaconda3/lib/python3.8/site-packages/django/core/cache/utils.py first seen with mtime 1617296026.9742162
File /Users/sourabhupadhye/opt/anaconda3/lib/python3.8/heapq.py first seen with mtime 1599204245.0
File /Users/sourabhupadhye/opt/anaconda3/lib/python3.8/locale.py first seen with mtime 1599204245.0
File /Users/sourabhupadhye/opt/anaconda3/lib/python3.8/site-packages/django/db/models/enums.py first seen with mtime 1617296027.101851
File /Users/sourabhupadhye/opt/anaconda3/lib/python3.8/site-packages/django/views/decorators/cache.py first seen with mtime 1617296027.3129835
File /Users/sourabhupadhye/opt/anaconda3/lib/python3.8/site-packages/django/core/files/__init__.py first seen with mtime 1617296026.987431
File /Users/sourabhupadhye/opt/anaconda3/lib/python3.8/site-packages/django/core/management/color.py first seen with mtime 1617296027.0053246
File /Users/sourabhupadhye/opt/anaconda3/lib/python3.8/site-packages/django/contrib/admin/sites.py first seen with mtime 1617296024.7147005
File /Users/sourabhupadhye/opt/anaconda3/lib/python3.8/site-packages/django/core/files/move.py first seen with mtime 1617296026.9896472
File /Users/sourabhupadhye/opt/anaconda3/lib/python3.8/site-packages/django/core/files/uploadedfile.py first seen with mtime 1617296026.9911778
File /Users/sourabhupadhye/opt/anaconda3/lib/python3.8/email/mime/multipart.py first seen with mtime 1599204247.0
File /Users/sourabhupadhye/opt/anaconda3/lib/python3.8/email/generator.py first seen with mtime 1599204247.0
File /Users/sourabhupadhye/opt/anaconda3/lib/python3.8/email/header.py first seen with mtime 1599204247.0
File /Users/sourabhupadhye/opt/anaconda3/lib/python3.8/site-packages/django/utils/numberformat.py first seen with mtime 1617296027.2937496
File /Users/sourabhupadhye/opt/anaconda3/lib/python3.8/site-packages/django/db/backends/utils.py first seen with mtime 1617296027.0388186
File /Users/sourabhupadhye/opt/anaconda3/lib/python3.8/site-packages/django/contrib/admin/__init__.py first seen with mtime 1617296024.7009299
File /Users/sourabhupadhye/opt/anaconda3/lib/python3.8/site-packages/django/contrib/sessions/apps.py first seen with mtime 1617296026.6520991
File /Users/sourabhupadhye/opt/anaconda3/lib/python3.8/site-packages/django/db/models/query.py first seen with mtime 1617296027.108015
File /Users/sourabhupadhye/opt/anaconda3/lib/python3.8/html/entities.py first seen with mtime 1599204247.0
File /Users/sourabhupadhye/opt/anaconda3/lib/python3.8/lib-dynload/_posixsubprocess.cpython-38-darwin.so first seen with mtime 1617218345.0353942
File /Users/sourabhupadhye/opt/anaconda3/lib/python3.8/site-packages/django/core/checks/registry.py first seen with mtime 1617296026.9811344
File /Users/sourabhupadhye/opt/anaconda3/lib/python3.8/site-packages/jinja2/nodes.py first seen with mtime 1588170723.0
File /Users/sourabhupadhye/opt/anaconda3/lib/python3.8/site-packages/django/forms/forms.py first seen with mtime 1617296027.1349604
File /Users/sourabhupadhye/opt/anaconda3/lib/python3.8/site-packages/django/core/checks/model_checks.py first seen with mtime 1617296026.980694
File /Users/sourabhupadhye/opt/anaconda3/lib/python3.8/stat.py first seen with mtime 1599204245.0
File /Users/sourabhupadhye/opt/anaconda3/lib/python3.8/site-packages/django/db/backends/sqlite3/client.py first seen with mtime 1617296027.0734503
File /Users/sourabhupadhye/opt/anaconda3/lib/python3.8/genericpath.py first seen with mtime 1599204245.0
File /Users/sourabhupadhye/opt/anaconda3/lib/python3.8/lib-dynload/_opcode.cpython-38-darwin.so first seen with mtime 1617218345.0150933
File /Users/sourabhupadhye/opt/anaconda3/lib/python3.8/decimal.py first seen with mtime 1599204245.0
File /Users/sourabhupadhye/opt/anaconda3/lib/python3.8/site-packages/django/template/engine.py first seen with mtime 1617296027.1922367
File /Users/sourabhupadhye/opt/anaconda3/lib/python3.8/lib-dynload/_heapq.cpython-38-darwin.so first seen with mtime 1617218344.972214
File /Users/sourabhupadhye/opt/anaconda3/lib/python3.8/site-packages/jinja2/_compat.py first seen with mtime 1588170723.0
File /Users/sourabhupadhye/opt/anaconda3/lib/python3.8/functools.py first seen with mtime 1599204245.0
File /Users/sourabhupadhye/opt/anaconda3/lib/python3.8/site-packages/django/utils/crypto.py first seen with mtime 1617296027.2759814
File /Users/sourabhupadhye/opt/anaconda3/lib/python3.8/uu.py first seen with mtime 1599204245.0
File /Users/sourabhupadhye/opt/anaconda3/lib/python3.8/site-packages/django/core/handlers/base.py first seen with mtime 1617296026.9942071
File /Users/sourabhupadhye/opt/anaconda3/lib/python3.8/site-packages/django/db/migrations/operations/fields.py first seen with mtime 1617296027.0944889
File /Users/sourabhupadhye/opt/anaconda3/lib/python3.8/lib-dynload/grp.cpython-38-darwin.so first seen with mtime 1617218345.2071743
File /Users/sourabhupadhye/opt/anaconda3/lib/python3.8/statistics.py first seen with mtime 1599204245.0
File /Users/sourabhupadhye/opt/anaconda3/lib/python3.8/site-packages/django/utils/safestring.py first seen with mtime 1617296027.2950284
File /Users/sourabhupadhye/opt/anaconda3/lib/python3.8/site-packages/django/db/models/fields/__init__.py first seen with mtime 1617296027.1107254
File /Users/sourabhupadhye/opt/anaconda3/lib/python3.8/sqlite3/dbapi2.py first seen with mtime 1599204248.0
File /Users/sourabhupadhye/opt/anaconda3/lib/python3.8/site-packages/sqlparse/filters/__init__.py first seen with mtime 1617296024.2146277
File /Users/sourabhupadhye/opt/anaconda3/lib/python3.8/json/encoder.py first seen with mtime 1599204247.0
File /Users/sourabhupadhye/opt/anaconda3/lib/python3.8/site-packages/django/template/__init__.py first seen with mtime 1617296027.1880977
File /Users/sourabhupadhye/opt/anaconda3/lib/python3.8/site-packages/django/dispatch/dispatcher.py first seen with mtime 1617296027.1302888
File /Users/sourabhupadhye/opt/anaconda3/lib/python3.8/site-packages/django/utils/baseconv.py first seen with mtime 1617296027.2746646
File /Users/sourabhupadhye/opt/anaconda3/lib/python3.8/site-packages/django/db/backends/base/base.py first seen with mtime 1617296027.0397542
File /Users/sourabhupadhye/opt/anaconda3/lib/python3.8/site-packages/django/core/mail/message.py first seen with mtime 1617296026.9966357
File /Users/sourabhupadhye/opt/anaconda3/lib/python3.8/site-packages/django/core/management/base.py first seen with mtime 1617296027.0048888
File /Users/sourabhupadhye/opt/anaconda3/lib/python3.8/site-packages/django/contrib/__init__.py first seen with mtime 1617296024.6987119
File /Users/sourabhupadhye/opt/anaconda3/lib/python3.8/site-packages/django/contrib/auth/apps.py first seen with mtime 1617296025.402557
File /Users/sourabhupadhye/opt/anaconda3/lib/python3.8/site-packages/django/utils/module_loading.py first seen with mtime 1617296027.293255
File /Users/sourabhupadhye/opt/anaconda3/lib/python3.8/lib-dynload/_socket.cpython-38-darwin.so first seen with mtime 1617218345.0846186
File /Users/sourabhupadhye/opt/anaconda3/lib/python3.8/site-packages/django/utils/inspect.py first seen with mtime 1617296027.2889853
File /Users/sourabhupadhye/opt/anaconda3/lib/python3.8/signal.py first seen with mtime 1599204245.0
File /Users/sourabhupadhye/opt/anaconda3/lib/python3.8/lib-dynload/_decimal.cpython-38-darwin.so first seen with mtime 1617218344.9499416
File /Users/sourabhupadhye/opt/anaconda3/lib/python3.8/site-packages/django/contrib/staticfiles/checks.py first seen with mtime 1617296026.960708
File /Users/sourabhupadhye/opt/anaconda3/lib/python3.8/site-packages/django/db/migrations/operations/__init__.py first seen with mtime 1617296027.0935411
File /Users/sourabhupadhye/opt/anaconda3/lib/python3.8/site-packages/django/utils/hashable.py first seen with mtime 1617296027.2871497
File /Users/sourabhupadhye/opt/anaconda3/lib/python3.8/_compression.py first seen with mtime 1599204245.0
File /Users/sourabhupadhye/opt/anaconda3/lib/python3.8/logging/config.py first seen with mtime 1599204248.0
File /Users/sourabhupadhye/opt/anaconda3/lib/python3.8/platform.py first seen with mtime 1599204245.0
File /Users/sourabhupadhye/opt/anaconda3/lib/python3.8/lib-dynload/binascii.cpython-38-darwin.so first seen with mtime 1617218345.189054
File /Users/sourabhupadhye/opt/anaconda3/lib/python3.8/site-packages/django/core/checks/security/base.py first seen with mtime 1617296026.9850602
File /Users/sourabhupadhye/opt/anaconda3/lib/python3.8/site-packages/sqlparse/filters/aligned_indent.py first seen with mtime 1617296024.215189
File /Users/sourabhupadhye/opt/anaconda3/lib/python3.8/site-packages/django/forms/fields.py first seen with mtime 1617296027.133613
File /Users/sourabhupadhye/opt/anaconda3/lib/python3.8/fnmatch.py first seen with mtime 1599204245.0
File /Users/sourabhupadhye/opt/anaconda3/lib/python3.8/site-packages/django/conf/__init__.py first seen with mtime 1617296024.3686929
File /Users/sourabhupadhye/opt/anaconda3/lib/python3.8/site-packages/django/template/backends/django.py first seen with mtime 1617296027.1985335
File /Users/sourabhupadhye/opt/anaconda3/lib/python3.8/site-packages/django/utils/autoreload.py first seen with mtime 1617296027.2740765
File /Users/sourabhupadhye/opt/anaconda3/lib/python3.8/site-packages/django/core/files/storage.py first seen with mtime 1617296026.9902012
File /Users/sourabhupadhye/opt/anaconda3/lib/python3.8/site-packages/django/apps/config.py first seen with mtime 1617296024.3659093
File /Users/sourabhupadhye/opt/anaconda3/lib/python3.8/email/mime/base.py first seen with mtime 1599204247.0
File /Users/sourabhupadhye/opt/anaconda3/lib/python3.8/site-packages/django/template/loader.py first seen with mtime 1617296027.1943126
File /Users/sourabhupadhye/opt/anaconda3/lib/python3.8/site-packages/django/utils/translation/reloader.py first seen with mtime 1617296027.3050709
File /Users/sourabhupadhye/opt/anaconda3/lib/python3.8/site-packages/django/core/__init__.py first seen with mtime 1617296026.9693885
File /Users/sourabhupadhye/opt/anaconda3/lib/python3.8/site-packages/django/templatetags/__init__.py first seen with mtime 1617296027.207602
File /Users/sourabhupadhye/opt/anaconda3/lib/python3.8/email/parser.py first seen with mtime 1599204247.0
File /Users/sourabhupadhye/opt/anaconda3/lib/python3.8/email/mime/message.py first seen with mtime 1599204247.0
File /Users/sourabhupadhye/opt/anaconda3/lib/python3.8/reprlib.py first seen with mtime 1599204245.0
File /Users/sourabhupadhye/opt/anaconda3/lib/python3.8/lib-dynload/termios.cpython-38-darwin.so first seen with mtime 1617218345.2712743
File /Users/sourabhupadhye/opt/anaconda3/lib/python3.8/site-packages/django/forms/__init__.py first seen with mtime 1617296027.1320796
File /Users/sourabhupadhye/opt/anaconda3/lib/python3.8/site-packages/django/core/mail/utils.py first seen with mtime 1617296026.9970663
File /Users/sourabhupadhye/opt/anaconda3/lib/python3.8/collections/__init__.py first seen with mtime 1599204247.0
File /Users/sourabhupadhye/opt/anaconda3/lib/python3.8/posixpath.py first seen with mtime 1599204245.0
File /Users/sourabhupadhye/opt/anaconda3/lib/python3.8/calendar.py first seen with mtime 1599204245.0
File /Users/sourabhupadhye/opt/anaconda3/lib/python3.8/site-packages/django/contrib/auth/base_user.py first seen with mtime 1617296025.4061615
File /Users/sourabhupadhye/opt/anaconda3/lib/python3.8/concurrent/futures/__init__.py first seen with mtime 1599204247.0
File /Users/sourabhupadhye/opt/anaconda3/lib/python3.8/site-packages/django/utils/translation/trans_real.py first seen with mtime 1617296027.3087022
File /Users/sourabhupadhye/opt/anaconda3/lib/python3.8/_weakrefset.py first seen with mtime 1599204245.0
File /Users/sourabhupadhye/opt/anaconda3/lib/python3.8/asyncio/coroutines.py first seen with mtime 1599204247.0
File /Users/sourabhupadhye/opt/anaconda3/lib/python3.8/site-packages/django/contrib/auth/password_validation.py first seen with mtime 1617296025.413196
File /Users/sourabhupadhye/opt/anaconda3/lib/python3.8/site-packages/django/core/checks/messages.py first seen with mtime 1617296026.9802225
File /Users/sourabhupadhye/opt/anaconda3/lib/python3.8/site-packages/django/template/backends/__init__.py first seen with mtime 1617296027.1971717
File /Users/sourabhupadhye/opt/anaconda3/lib/python3.8/distutils/__init__.py first seen with mtime 1599204248.0
File /Users/sourabhupadhye/opt/anaconda3/lib/python3.8/site-packages/markupsafe/_compat.py first seen with mtime 1594371725.0
File /Users/sourabhupadhye/opt/anaconda3/lib/python3.8/concurrent/__init__.py first seen with mtime 1599204247.0
File /Users/sourabhupadhye/opt/anaconda3/lib/python3.8/urllib/request.py first seen with mtime 1599204248.0
File /Users/sourabhupadhye/opt/anaconda3/lib/python3.8/site-packages/jinja2/exceptions.py first seen with mtime 1588170723.0
File /Users/sourabhupadhye/opt/anaconda3/lib/python3.8/site-packages/django/db/backends/sqlite3/schema.py first seen with mtime 1617296027.077221
File /Users/sourabhupadhye/opt/anaconda3/lib/python3.8/_compat_pickle.py first seen with mtime 1599204245.0
File /Users/sourabhupadhye/opt/anaconda3/lib/python3.8/site-packages/django/contrib/admin/views/__init__.py first seen with mtime 1617296025.2148337
File /Users/sourabhupadhye/opt/anaconda3/lib/python3.8/site-packages/django/contrib/staticfiles/finders.py first seen with mtime 1617296026.961234
File /Users/sourabhupadhye/opt/anaconda3/lib/python3.8/enum.py first seen with mtime 1599204245.0
File /Users/sourabhupadhye/DJango_proprac/middlewareProject1/middlewareProject1/settings.py first seen with mtime 1620157710.7453814
File /Users/sourabhupadhye/opt/anaconda3/lib/python3.8/site-packages/django/db/models/fields/related.py first seen with mtime 1617296027.114884
File /Users/sourabhupadhye/opt/anaconda3/lib/python3.8/site-packages/django/http/request.py first seen with mtime 1617296027.1784647
File /Users/sourabhupadhye/opt/anaconda3/lib/python3.8/site-packages/django/contrib/messages/constants.py first seen with mtime 1617296026.3025203
File /Users/sourabhupadhye/opt/anaconda3/lib/python3.8/site-packages/django/contrib/auth/forms.py first seen with mtime 1617296025.4105394
File /Users/sourabhupadhye/opt/anaconda3/lib/python3.8/lib-dynload/math.cpython-38-darwin.so first seen with mtime 1617218345.2134197
File /Users/sourabhupadhye/opt/anaconda3/lib/python3.8/site-packages/django/db/models/expressions.py first seen with mtime 1617296027.1031547
File /Users/sourabhupadhye/opt/anaconda3/lib/python3.8/site-packages/django/core/files/images.py first seen with mtime 1617296026.988415
File /Users/sourabhupadhye/opt/anaconda3/lib/python3.8/pprint.py first seen with mtime 1599204245.0
File /Users/sourabhupadhye/opt/anaconda3/lib/python3.8/site-packages/django/core/cache/backends/__init__.py first seen with mtime 1617296026.9745674
File /Users/sourabhupadhye/opt/anaconda3/lib/python3.8/ast.py first seen with mtime 1599204245.0
File /Users/sourabhupadhye/opt/anaconda3/lib/python3.8/asyncio/protocols.py first seen with mtime 1599204247.0
File /Users/sourabhupadhye/opt/anaconda3/lib/python3.8/encodings/aliases.py first seen with mtime 1599204247.0
File /Users/sourabhupadhye/opt/anaconda3/lib/python3.8/operator.py first seen with mtime 1599204245.0
File /Users/sourabhupadhye/opt/anaconda3/lib/python3.8/site-packages/django/db/models/functions/comparison.py first seen with mtime 1617296027.1198893
File /Users/sourabhupadhye/opt/anaconda3/lib/python3.8/_markupbase.py first seen with mtime 1599204245.0
File /Users/sourabhupadhye/opt/anaconda3/lib/python3.8/site-packages/django/contrib/staticfiles/apps.py first seen with mtime 1617296026.9601777
File /Users/sourabhupadhye/DJango_proprac/middlewareProject1/testApp/__init__.py first seen with mtime 1620152577.9316669
File /Users/sourabhupadhye/opt/anaconda3/lib/python3.8/lib-dynload/_datetime.cpython-38-darwin.so first seen with mtime 1617218344.9336524
File /Users/sourabhupadhye/opt/anaconda3/lib/python3.8/site-packages/django/http/cookie.py first seen with mtime 1617296027.1763744
File /Users/sourabhupadhye/opt/anaconda3/lib/python3.8/re.py first seen with mtime 1599204245.0
File /Users/sourabhupadhye/opt/anaconda3/lib/python3.8/site-packages/django/db/models/functions/text.py first seen with mtime 1617296027.1227891
File /Users/sourabhupadhye/opt/anaconda3/lib/python3.8/site-packages/django/core/servers/__init__.py first seen with mtime 1617296027.02988
File /Users/sourabhupadhye/opt/anaconda3/lib/python3.8/site-packages/django/contrib/admin/templatetags/admin_urls.py first seen with mtime 1617296025.213306
File /Users/sourabhupadhye/opt/anaconda3/lib/python3.8/site-packages/jinja2/filters.py first seen with mtime 1588170723.0
File /Users/sourabhupadhye/opt/anaconda3/lib/python3.8/asyncio/transports.py first seen with mtime 1599204247.0
File /Users/sourabhupadhye/opt/anaconda3/lib/python3.8/site-packages/django/utils/dates.py first seen with mtime 1617296027.2798848
File /Users/sourabhupadhye/opt/anaconda3/lib/python3.8/site-packages/django/views/generic/__init__.py first seen with mtime 1617296027.3173754
File /Users/sourabhupadhye/opt/anaconda3/lib/python3.8/lib-dynload/zlib.cpython-38-darwin.so first seen with mtime 1617218345.3036592
File /Users/sourabhupadhye/opt/anaconda3/lib/python3.8/site-packages/pytz/__init__.py first seen with mtime 1588612719.0
File /Users/sourabhupadhye/opt/anaconda3/lib/python3.8/email/message.py first seen with mtime 1599204247.0
File /Users/sourabhupadhye/opt/anaconda3/lib/python3.8/json/scanner.py first seen with mtime 1599204247.0
File /Users/sourabhupadhye/opt/anaconda3/lib/python3.8/mimetypes.py first seen with mtime 1599204245.0
File /Users/sourabhupadhye/opt/anaconda3/lib/python3.8/site-packages/django/db/backends/sqlite3/introspection.py first seen with mtime 1617296027.0760524
File /Users/sourabhupadhye/opt/anaconda3/lib/python3.8/site-packages/django/db/migrations/migration.py first seen with mtime 1617296027.0859904
File /Users/sourabhupadhye/opt/anaconda3/lib/python3.8/site-packages/django/core/checks/async_checks.py first seen with mtime 1617296026.9788475
File /Users/sourabhupadhye/opt/anaconda3/lib/python3.8/email/iterators.py first seen with mtime 1599204247.0
File /Users/sourabhupadhye/opt/anaconda3/lib/python3.8/site-packages/jinja2/lexer.py first seen with mtime 1588170723.0
File /Users/sourabhupadhye/opt/anaconda3/lib/python3.8/logging/__init__.py first seen with mtime 1599204248.0
File /Users/sourabhupadhye/opt/anaconda3/lib/python3.8/site-packages/django/db/models/fields/proxy.py first seen with mtime 1617296027.1140318
File /Users/sourabhupadhye/opt/anaconda3/lib/python3.8/site-packages/django/db/migrations/exceptions.py first seen with mtime 1617296027.081569
File /Users/sourabhupadhye/opt/anaconda3/lib/python3.8/site-packages/jinja2/environment.py first seen with mtime 1588170723.0
File /Users/sourabhupadhye/opt/anaconda3/lib/python3.8/site-packages/django/contrib/sessions/__init__.py first seen with mtime 1617296026.6505527
File /Users/sourabhupadhye/opt/anaconda3/lib/python3.8/lib-dynload/_asyncio.cpython-38-darwin.so first seen with mtime 1617218344.817497
File /Users/sourabhupadhye/opt/anaconda3/lib/python3.8/site-packages/django/conf/global_settings.py first seen with mtime 1617296024.3692863
File /Users/sourabhupadhye/opt/anaconda3/lib/python3.8/site-packages/django/core/validators.py first seen with mtime 1617296026.972553
File /Users/sourabhupadhye/opt/anaconda3/lib/python3.8/site-packages/django/db/models/fields/related_descriptors.py first seen with mtime 1617296027.1161404
File /Users/sourabhupadhye/opt/anaconda3/lib/python3.8/site-packages/django/middleware/cache.py first seen with mtime 1617296027.18064
File /Users/sourabhupadhye/opt/anaconda3/lib/python3.8/site-packages/django/apps/__init__.py first seen with mtime 1617296024.3653336
File /Users/sourabhupadhye/opt/anaconda3/lib/python3.8/sre_compile.py first seen with mtime 1599204245.0
File /Users/sourabhupadhye/opt/anaconda3/lib/python3.8/site-packages/django/contrib/admin/views/autocomplete.py first seen with mtime 1617296025.2153177
File /Users/sourabhupadhye/opt/anaconda3/lib/python3.8/importlib/util.py first seen with mtime 1599204247.0
File /Users/sourabhupadhye/opt/anaconda3/lib/python3.8/importlib/abc.py first seen with mtime 1599204247.0
File /Users/sourabhupadhye/opt/anaconda3/lib/python3.8/site-packages/django/db/models/sql/__init__.py first seen with mtime 1617296027.1241155
File /Users/sourabhupadhye/opt/anaconda3/lib/python3.8/site-packages/django/db/models/__init__.py first seen with mtime 1617296027.097021
File /Users/sourabhupadhye/opt/anaconda3/lib/python3.8/site-packages/django/utils/deprecation.py first seen with mtime 1617296027.2831478
File /Users/sourabhupadhye/opt/anaconda3/lib/python3.8/distutils/version.py first seen with mtime 1599204248.0
File /Users/sourabhupadhye/opt/anaconda3/lib/python3.8/site-packages/django/db/backends/ddl_references.py first seen with mtime 1617296027.037411
File /Users/sourabhupadhye/opt/anaconda3/lib/python3.8/pickle.py first seen with mtime 1599204245.0
File /Users/sourabhupadhye/opt/anaconda3/lib/python3.8/site-packages/jinja2/optimizer.py first seen with mtime 1588170723.0
File /Users/sourabhupadhye/opt/anaconda3/lib/python3.8/site-packages/django/http/multipartparser.py first seen with mtime 1617296027.1774845
File /Users/sourabhupadhye/opt/anaconda3/lib/python3.8/site-packages/sqlparse/engine/filter_stack.py first seen with mtime 1617296024.2114954
File /Users/sourabhupadhye/opt/anaconda3/lib/python3.8/site-packages/django/template/smartif.py first seen with mtime 1617296027.1963096
File /Users/sourabhupadhye/opt/anaconda3/lib/python3.8/site-packages/django/urls/base.py first seen with mtime 1617296027.2445393
File /Users/sourabhupadhye/opt/anaconda3/lib/python3.8/email/utils.py first seen with mtime 1599204247.0
File /Users/sourabhupadhye/opt/anaconda3/lib/python3.8/argparse.py first seen with mtime 1599204245.0
File /Users/sourabhupadhye/opt/anaconda3/lib/python3.8/site-packages/jinja2/utils.py first seen with mtime 1588170723.0
File /Users/sourabhupadhye/opt/anaconda3/lib/python3.8/hmac.py first seen with mtime 1599204245.0
File /Users/sourabhupadhye/opt/anaconda3/lib/python3.8/site-packages/django/db/models/functions/__init__.py first seen with mtime 1617296027.1191351
File /Users/sourabhupadhye/opt/anaconda3/lib/python3.8/base64.py first seen with mtime 1599204245.0
File /Users/sourabhupadhye/opt/anaconda3/lib/python3.8/site-packages/django/contrib/admin/helpers.py first seen with mtime 1617296024.711905
File /Users/sourabhupadhye/opt/anaconda3/lib/python3.8/site-packages/django/views/generic/list.py first seen with mtime 1617296027.3216877
File /Users/sourabhupadhye/opt/anaconda3/lib/python3.8/gettext.py first seen with mtime 1599204245.0
File /Users/sourabhupadhye/opt/anaconda3/lib/python3.8/asyncio/unix_events.py first seen with mtime 1599204247.0
File /Users/sourabhupadhye/opt/anaconda3/lib/python3.8/site-packages/django/contrib/admin/actions.py first seen with mtime 1617296024.7027483
File /Users/sourabhupadhye/opt/anaconda3/lib/python3.8/http/__init__.py first seen with mtime 1599204248.0
File /Users/sourabhupadhye/opt/anaconda3/lib/python3.8/site-packages/django/template/library.py first seen with mtime 1617296027.1935296
File /Users/sourabhupadhye/opt/anaconda3/lib/python3.8/site-packages/django/contrib/auth/__init__.py first seen with mtime 1617296025.400362
File /Users/sourabhupadhye/opt/anaconda3/lib/python3.8/asyncio/streams.py first seen with mtime 1599204247.0
File /Users/sourabhupadhye/opt/anaconda3/lib/python3.8/site-packages/django/core/checks/translation.py first seen with mtime 1617296026.9823947
File /Users/sourabhupadhye/opt/anaconda3/lib/python3.8/site-packages/django/db/transaction.py first seen with mtime 1617296027.0340405
File /Users/sourabhupadhye/opt/anaconda3/lib/python3.8/site-packages/markupsafe/_native.py first seen with mtime 1594371725.0
File /Users/sourabhupadhye/opt/anaconda3/lib/python3.8/site-packages/django/contrib/contenttypes/models.py first seen with mtime 1617296025.576774
File /Users/sourabhupadhye/opt/anaconda3/lib/python3.8/site-packages/django/utils/datetime_safe.py first seen with mtime 1617296027.2808824
File /Users/sourabhupadhye/opt/anaconda3/lib/python3.8/site-packages/sqlparse/filters/right_margin.py first seen with mtime 1617296024.2195148
File /Users/sourabhupadhye/opt/anaconda3/lib/python3.8/tempfile.py first seen with mtime 1599204245.0
File /Users/sourabhupadhye/opt/anaconda3/lib/python3.8/site-packages/django/contrib/contenttypes/management/__init__.py first seen with mtime 1617296025.7357385
File /Users/sourabhupadhye/opt/anaconda3/lib/python3.8/site-packages/django/templatetags/l10n.py first seen with mtime 1617296027.2094252
File /Users/sourabhupadhye/opt/anaconda3/lib/python3.8/site-packages/django/db/backends/sqlite3/base.py first seen with mtime 1617296027.072781
File /Users/sourabhupadhye/opt/anaconda3/lib/python3.8/gzip.py first seen with mtime 1599204245.0
File /Users/sourabhupadhye/opt/anaconda3/lib/python3.8/site-packages/django/template/backends/jinja2.py first seen with mtime 1617296027.2009149
File /Users/sourabhupadhye/opt/anaconda3/lib/python3.8/html/__init__.py first seen with mtime 1599204247.0
File /Users/sourabhupadhye/opt/anaconda3/lib/python3.8/asyncio/base_futures.py first seen with mtime 1599204247.0
File /Users/sourabhupadhye/opt/anaconda3/lib/python3.8/site-packages/sqlparse/keywords.py first seen with mtime 1617296024.2071795
File /Users/sourabhupadhye/opt/anaconda3/lib/python3.8/ssl.py first seen with mtime 1599204245.0
File /Users/sourabhupadhye/opt/anaconda3/lib/python3.8/site-packages/jinja2/idtracking.py first seen with mtime 1588170723.0
File /Users/sourabhupadhye/opt/anaconda3/lib/python3.8/site-packages/django/core/checks/security/__init__.py first seen with mtime 1617296026.984487
File /Users/sourabhupadhye/opt/anaconda3/lib/python3.8/site-packages/django/dispatch/__init__.py first seen with mtime 1617296027.129778
File /Users/sourabhupadhye/opt/anaconda3/lib/python3.8/site-packages/django/core/serializers/base.py first seen with mtime 1617296027.0243287
File /Users/sourabhupadhye/opt/anaconda3/lib/python3.8/asyncio/base_tasks.py first seen with mtime 1599204247.0
File /Users/sourabhupadhye/opt/anaconda3/lib/python3.8/encodings/latin_1.py first seen with mtime 1599204247.0
File /Users/sourabhupadhye/opt/anaconda3/lib/python3.8/site-packages/django/core/handlers/wsgi.py first seen with mtime 1617296026.9955375
File /Users/sourabhupadhye/opt/anaconda3/lib/python3.8/cgi.py first seen with mtime 1599204245.0
File /Users/sourabhupadhye/opt/anaconda3/lib/python3.8/traceback.py first seen with mtime 1599204245.0
File /Users/sourabhupadhye/opt/anaconda3/lib/python3.8/site-packages/django/contrib/contenttypes/checks.py first seen with mtime 1617296025.575089
File /Users/sourabhupadhye/opt/anaconda3/lib/python3.8/pathlib.py first seen with mtime 1599204245.0
File /Users/sourabhupadhye/opt/anaconda3/lib/python3.8/io.py first seen with mtime 1599204245.0
File /Users/sourabhupadhye/opt/anaconda3/lib/python3.8/os.py first seen with mtime 1599204245.0
File /Users/sourabhupadhye/opt/anaconda3/lib/python3.8/site-packages/sqlparse/formatter.py first seen with mtime 1617296024.2065976
File /Users/sourabhupadhye/opt/anaconda3/lib/python3.8/html/parser.py first seen with mtime 1599204247.0
File /Users/sourabhupadhye/opt/anaconda3/lib/python3.8/encodings/utf_8.py first seen with mtime 1599204247.0
File /Users/sourabhupadhye/opt/anaconda3/lib/python3.8/site-packages/django/urls/utils.py first seen with mtime 1617296027.2635891
File /Users/sourabhupadhye/opt/anaconda3/lib/python3.8/site-packages/django/core/signing.py first seen with mtime 1617296026.971993
File /Users/sourabhupadhye/opt/anaconda3/lib/python3.8/site-packages/django/template/loader_tags.py first seen with mtime 1617296027.1948624
File /Users/sourabhupadhye/opt/anaconda3/lib/python3.8/site-packages/django/views/decorators/debug.py first seen with mtime 1617296027.3143103
File /Users/sourabhupadhye/opt/anaconda3/lib/python3.8/site-packages/django/core/files/locks.py first seen with mtime 1617296026.9888725
File /Users/sourabhupadhye/opt/anaconda3/lib/python3.8/site-packages/django/urls/conf.py first seen with mtime 1617296027.2455761
File /Users/sourabhupadhye/opt/anaconda3/lib/python3.8/wsgiref/headers.py first seen with mtime 1599204248.0
File /Users/sourabhupadhye/opt/anaconda3/lib/python3.8/site-packages/asgiref/__init__.py first seen with mtime 1617296024.2929287
File /Users/sourabhupadhye/opt/anaconda3/lib/python3.8/asyncio/__init__.py first seen with mtime 1599204247.0
File /Users/sourabhupadhye/opt/anaconda3/lib/python3.8/site-packages/sqlparse/lexer.py first seen with mtime 1617296024.207675
File /Users/sourabhupadhye/opt/anaconda3/lib/python3.8/site-packages/django/db/models/fields/files.py first seen with mtime 1617296027.1116107
File /Users/sourabhupadhye/opt/anaconda3/lib/python3.8/site-packages/django/utils/_os.py first seen with mtime 1617296027.2719047
File /Users/sourabhupadhye/opt/anaconda3/lib/python3.8/site-packages/django/forms/models.py first seen with mtime 1617296027.1374059
File /Users/sourabhupadhye/opt/anaconda3/lib/python3.8/site-packages/django/utils/html.py first seen with mtime 1617296027.2876704
File /Users/sourabhupadhye/opt/anaconda3/lib/python3.8/uuid.py first seen with mtime 1599204245.0
File /Users/sourabhupadhye/opt/anaconda3/lib/python3.8/email/errors.py first seen with mtime 1599204247.0
File /Users/sourabhupadhye/opt/anaconda3/lib/python3.8/keyword.py first seen with mtime 1599204245.0
File /Users/sourabhupadhye/opt/anaconda3/lib/python3.8/site-packages/django/core/files/base.py first seen with mtime 1617296026.9879456
File /Users/sourabhupadhye/opt/anaconda3/lib/python3.8/site-packages/django/utils/decorators.py first seen with mtime 1617296027.2825344
File /Users/sourabhupadhye/opt/anaconda3/lib/python3.8/site-packages/django/utils/termcolors.py first seen with mtime 1617296027.2970662
File /Users/sourabhupadhye/opt/anaconda3/lib/python3.8/site-packages/django/db/models/query_utils.py first seen with mtime 1617296027.1087003
File /Users/sourabhupadhye/opt/anaconda3/lib/python3.8/site-packages/django/utils/topological_sort.py first seen with mtime 1617296027.3022246
File /Users/sourabhupadhye/opt/anaconda3/lib/python3.8/site-packages/django/utils/cache.py first seen with mtime 1617296027.2753851
File /Users/sourabhupadhye/opt/anaconda3/lib/python3.8/site-packages/sqlparse/filters/reindent.py first seen with mtime 1617296024.218468
File /Users/sourabhupadhye/opt/anaconda3/lib/python3.8/site-packages/django/apps/registry.py first seen with mtime 1617296024.3668923
File /Users/sourabhupadhye/opt/anaconda3/lib/python3.8/queue.py first seen with mtime 1599204245.0
File /Users/sourabhupadhye/opt/anaconda3/lib/python3.8/lib-dynload/_contextvars.cpython-38-darwin.so first seen with mtime 1617218344.8890815
File /Users/sourabhupadhye/opt/anaconda3/lib/python3.8/http/client.py first seen with mtime 1599204248.0
File /Users/sourabhupadhye/opt/anaconda3/lib/python3.8/http/cookies.py first seen with mtime 1599204248.0
File /Users/sourabhupadhye/opt/anaconda3/lib/python3.8/site-packages/django/utils/encoding.py first seen with mtime 1617296027.28479
File /Users/sourabhupadhye/opt/anaconda3/lib/python3.8/site-packages/django/contrib/staticfiles/__init__.py first seen with mtime 1617296026.959518
File /Users/sourabhupadhye/opt/anaconda3/lib/python3.8/opcode.py first seen with mtime 1599204245.0
File /Users/sourabhupadhye/opt/anaconda3/lib/python3.8/types.py first seen with mtime 1599204245.0
File /Users/sourabhupadhye/opt/anaconda3/lib/python3.8/site-packages/django/contrib/auth/validators.py first seen with mtime 1617296025.4150095
File /Users/sourabhupadhye/opt/anaconda3/lib/python3.8/difflib.py first seen with mtime 1599204245.0
File /Users/sourabhupadhye/opt/anaconda3/lib/python3.8/sqlite3/__init__.py first seen with mtime 1599204248.0
File /Users/sourabhupadhye/opt/anaconda3/lib/python3.8/site-packages/django/core/signals.py first seen with mtime 1617296026.9714162
File /Users/sourabhupadhye/opt/anaconda3/lib/python3.8/concurrent/futures/_base.py first seen with mtime 1599204247.0
File /Users/sourabhupadhye/opt/anaconda3/lib/python3.8/email/contentmanager.py first seen with mtime 1599204247.0
File /Users/sourabhupadhye/opt/anaconda3/lib/python3.8/site-packages/django/core/cache/__init__.py first seen with mtime 1617296026.9736278
File /Users/sourabhupadhye/opt/anaconda3/lib/python3.8/site-packages/django/utils/http.py first seen with mtime 1617296027.2884777
File /Users/sourabhupadhye/opt/anaconda3/lib/python3.8/site-packages/sqlparse/utils.py first seen with mtime 1617296024.2095098
File /Users/sourabhupadhye/opt/anaconda3/lib/python3.8/site-packages/django/forms/widgets.py first seen with mtime 1617296027.1393168
File /Users/sourabhupadhye/opt/anaconda3/lib/python3.8/asyncio/tasks.py first seen with mtime 1599204247.0
File /Users/sourabhupadhye/opt/anaconda3/lib/python3.8/tokenize.py first seen with mtime 1599204245.0
File /Users/sourabhupadhye/opt/anaconda3/lib/python3.8/site-packages/django/db/backends/base/features.py first seen with mtime 1617296027.0424566
File /Users/sourabhupadhye/opt/anaconda3/lib/python3.8/lib-dynload/_pickle.cpython-38-darwin.so first seen with mtime 1617218345.0223014
File /Users/sourabhupadhye/opt/anaconda3/lib/python3.8/importlib/machinery.py first seen with mtime 1599204247.0
File /Users/sourabhupadhye/opt/anaconda3/lib/python3.8/site-packages/django/db/backends/__init__.py first seen with mtime 1617296027.0367544
File /Users/sourabhupadhye/opt/anaconda3/lib/python3.8/dis.py first seen with mtime 1599204245.0
File /Users/sourabhupadhye/opt/anaconda3/lib/python3.8/site-packages/django/contrib/sites/__init__.py first seen with mtime 1617296026.7959995
File /Users/sourabhupadhye/opt/anaconda3/lib/python3.8/site-packages/django/forms/renderers.py first seen with mtime 1617296027.1381714
File /Users/sourabhupadhye/opt/anaconda3/lib/python3.8/site-packages/django/template/context.py first seen with mtime 1617296027.18933
File /Users/sourabhupadhye/opt/anaconda3/lib/python3.8/site-packages/django/contrib/contenttypes/apps.py first seen with mtime 1617296025.574665
File /Users/sourabhupadhye/opt/anaconda3/lib/python3.8/site-packages/django/db/utils.py first seen with mtime 1617296027.035783
File /Users/sourabhupadhye/opt/anaconda3/lib/python3.8/site-packages/django/db/models/functions/math.py first seen with mtime 1617296027.1212404
File /Users/sourabhupadhye/opt/anaconda3/lib/python3.8/site-packages/django/templatetags/i18n.py first seen with mtime 1617296027.208961
File /Users/sourabhupadhye/opt/anaconda3/lib/python3.8/site-packages/django/db/models/fields/related_lookups.py first seen with mtime 1617296027.1173792
File /Users/sourabhupadhye/opt/anaconda3/lib/python3.8/site-packages/django/contrib/contenttypes/views.py first seen with mtime 1617296025.5772882
File /Users/sourabhupadhye/opt/anaconda3/lib/python3.8/lib-dynload/_queue.cpython-38-darwin.so first seen with mtime 1617218345.041435
File /Users/sourabhupadhye/opt/anaconda3/lib/python3.8/site-packages/django/db/models/indexes.py first seen with mtime 1617296027.103926
File /Users/sourabhupadhye/opt/anaconda3/lib/python3.8/abc.py first seen with mtime 1599204245.0
File /Users/sourabhupadhye/DJango_proprac/middlewareProject1/middlewareProject1/__init__.py first seen with mtime 1620152563.6172884
File /Users/sourabhupadhye/opt/anaconda3/lib/python3.8/site-packages/django/forms/boundfield.py first seen with mtime 1617296027.1327112
File /Users/sourabhupadhye/opt/anaconda3/lib/python3.8/site-packages/django/core/files/utils.py first seen with mtime 1617296026.9927266
File /Users/sourabhupadhye/opt/anaconda3/lib/python3.8/sre_parse.py first seen with mtime 1599204245.0
File /Users/sourabhupadhye/opt/anaconda3/lib/python3.8/site-packages/django/db/migrations/__init__.py first seen with mtime 1617296027.078983
File /Users/sourabhupadhye/opt/anaconda3/lib/python3.8/site-packages/asgiref/sync.py first seen with mtime 1617296024.29529
File /Users/sourabhupadhye/opt/anaconda3/lib/python3.8/site-packages/django/forms/formsets.py first seen with mtime 1617296027.1360645
File /Users/sourabhupadhye/opt/anaconda3/lib/python3.8/site-packages/django/db/migrations/operations/base.py first seen with mtime 1617296027.0940297
File /Users/sourabhupadhye/opt/anaconda3/lib/python3.8/site-packages/jinja2/runtime.py first seen with mtime 1588170723.0
File /Users/sourabhupadhye/opt/anaconda3/lib/python3.8/site-packages/django/views/__init__.py first seen with mtime 1617296027.309387
File /Users/sourabhupadhye/opt/anaconda3/lib/python3.8/site-packages/django/core/checks/__init__.py first seen with mtime 1617296026.9784405
File /Users/sourabhupadhye/opt/anaconda3/lib/python3.8/email/quoprimime.py first seen with mtime 1599204247.0
File /Users/sourabhupadhye/opt/anaconda3/lib/python3.8/site-packages/django/contrib/auth/management/__init__.py first seen with mtime 1617296025.56315
File /Users/sourabhupadhye/opt/anaconda3/lib/python3.8/site-packages/django/core/serializers/python.py first seen with mtime 1617296027.0269582
File /Users/sourabhupadhye/opt/anaconda3/lib/python3.8/typing.py first seen with mtime 1599204245.0
File /Users/sourabhupadhye/DJango_proprac/middlewareProject1/manage.py first seen with mtime 1620152563.6145954
File /Users/sourabhupadhye/opt/anaconda3/lib/python3.8/site-packages/django/db/models/sql/constants.py first seen with mtime 1617296027.1255527
File /Users/sourabhupadhye/opt/anaconda3/lib/python3.8/site-packages/sqlparse/sql.py first seen with mtime 1617296024.208484
File /Users/sourabhupadhye/opt/anaconda3/lib/python3.8/site-packages/django/db/models/constants.py first seen with mtime 1617296027.0996034
File /Users/sourabhupadhye/opt/anaconda3/lib/python3.8/site-packages/django/utils/log.py first seen with mtime 1617296027.2921362
File /Users/sourabhupadhye/opt/anaconda3/lib/python3.8/weakref.py first seen with mtime 1599204245.0
File /Users/sourabhupadhye/opt/anaconda3/lib/python3.8/wsgiref/__init__.py first seen with mtime 1599204248.0
File /Users/sourabhupadhye/opt/anaconda3/lib/python3.8/site-packages/sphinxcontrib/__init__.py first seen with mtime 1573662689.0
File /Users/sourabhupadhye/opt/anaconda3/lib/python3.8/lib-dynload/_scproxy.cpython-38-darwin.so first seen with mtime 1617218345.0525467
File /Users/sourabhupadhye/opt/anaconda3/lib/python3.8/quopri.py first seen with mtime 1599204245.0
File /Users/sourabhupadhye/opt/anaconda3/lib/python3.8/asyncio/sslproto.py first seen with mtime 1599204247.0
File /Users/sourabhupadhye/opt/anaconda3/lib/python3.8/site-packages/django/core/checks/security/sessions.py first seen with mtime 1617296026.986663
File /Users/sourabhupadhye/opt/anaconda3/lib/python3.8/struct.py first seen with mtime 1599204245.0
File /Users/sourabhupadhye/opt/anaconda3/lib/python3.8/site-packages/django/contrib/contenttypes/admin.py first seen with mtime 1617296025.5742328
File /Users/sourabhupadhye/opt/anaconda3/lib/python3.8/copyreg.py first seen with mtime 1599204245.0
File /Users/sourabhupadhye/opt/anaconda3/lib/python3.8/collections/abc.py first seen with mtime 1599204247.0
File /Users/sourabhupadhye/opt/anaconda3/lib/python3.8/site-packages/sqlparse/cli.py first seen with mtime 1617296024.2049623
File /Users/sourabhupadhye/opt/anaconda3/lib/python3.8/site-packages/django/core/handlers/asgi.py first seen with mtime 1617296026.9936028
File /Users/sourabhupadhye/opt/anaconda3/lib/python3.8/site-packages/django/contrib/sites/shortcuts.py first seen with mtime 1617296026.8017273
File /Users/sourabhupadhye/opt/anaconda3/lib/python3.8/site-packages/jinja2/visitor.py first seen with mtime 1588170723.0
File /Users/sourabhupadhye/opt/anaconda3/lib/python3.8/email/encoders.py first seen with mtime 1599204247.0
File /Users/sourabhupadhye/opt/anaconda3/lib/python3.8/site-packages/django/urls/resolvers.py first seen with mtime 1617296027.248474
File /Users/sourabhupadhye/opt/anaconda3/lib/python3.8/site.py first seen with mtime 1599204245.0
File /Users/sourabhupadhye/opt/anaconda3/lib/python3.8/site-packages/django/middleware/__init__.py first seen with mtime 1617296027.1800506
File /Users/sourabhupadhye/opt/anaconda3/lib/python3.8/email/headerregistry.py first seen with mtime 1599204247.0
File /Users/sourabhupadhye/opt/anaconda3/lib/python3.8/hashlib.py first seen with mtime 1599204245.0
File /Users/sourabhupadhye/opt/anaconda3/lib/python3.8/asyncio/selector_events.py first seen with mtime 1599204247.0
File /Users/sourabhupadhye/opt/anaconda3/lib/python3.8/urllib/parse.py first seen with mtime 1599204248.0
File /Users/sourabhupadhye/opt/anaconda3/lib/python3.8/site-packages/django/db/migrations/graph.py first seen with mtime 1617296027.0838103
File /Users/sourabhupadhye/opt/anaconda3/lib/python3.8/site-packages/django/contrib/admin/templatetags/log.py first seen with mtime 1617296025.2143936
File /Users/sourabhupadhye/opt/anaconda3/lib/python3.8/site-packages/django/middleware/common.py first seen with mtime 1617296027.1817708
File /Users/sourabhupadhye/opt/anaconda3/lib/python3.8/site-packages/django/views/defaults.py first seen with mtime 1617296027.3110754
File /Users/sourabhupadhye/opt/anaconda3/lib/python3.8/site-packages/django/middleware/security.py first seen with mtime 1617296027.1871197
File /Users/sourabhupadhye/opt/anaconda3/lib/python3.8/site-packages/django/contrib/messages/middleware.py first seen with mtime 1617296026.303283
File /Users/sourabhupadhye/opt/anaconda3/lib/python3.8/site-packages/django/contrib/admin/templatetags/admin_modify.py first seen with mtime 1617296025.2127821
File /Users/sourabhupadhye/opt/anaconda3/lib/python3.8/encodings/idna.py first seen with mtime 1599204247.0
File /Users/sourabhupadhye/opt/anaconda3/lib/python3.8/site-packages/django/contrib/sessions/backends/db.py first seen with mtime 1617296026.6582708
File /Users/sourabhupadhye/opt/anaconda3/lib/python3.8/site-packages/django/contrib/auth/backends.py first seen with mtime 1617296025.404288
File /Users/sourabhupadhye/opt/anaconda3/lib/python3.8/site-packages/django/contrib/admin/migrations/__init__.py first seen with mtime 1617296025.0940611
File /Users/sourabhupadhye/opt/anaconda3/lib/python3.8/site-packages/django/contrib/auth/migrations/0001_initial.py first seen with mtime 1617296025.565095
File /Users/sourabhupadhye/opt/anaconda3/lib/python3.8/site-packages/django/contrib/auth/migrations/0012_alter_user_first_name_max_length.py first seen with mtime 1617296025.5716937
File /Users/sourabhupadhye/opt/anaconda3/lib/python3.8/stringprep.py first seen with mtime 1599204245.0
File /Users/sourabhupadhye/opt/anaconda3/lib/python3.8/site-packages/django/contrib/auth/migrations/0003_alter_user_email_max_length.py first seen with mtime 1617296025.566884
File /Users/sourabhupadhye/opt/anaconda3/lib/python3.8/site-packages/django/db/migrations/executor.py first seen with mtime 1617296027.0824087
File /Users/sourabhupadhye/opt/anaconda3/lib/python3.8/site-packages/django/contrib/admin/migrations/0002_logentry_remove_auto_add.py first seen with mtime 1617296025.0932844
File /Users/sourabhupadhye/opt/anaconda3/lib/python3.8/site-packages/django/contrib/auth/migrations/0006_require_contenttypes_0002.py first seen with mtime 1617296025.5687904
File /Users/sourabhupadhye/opt/anaconda3/lib/python3.8/site-packages/django/contrib/contenttypes/migrations/0001_initial.py first seen with mtime 1617296025.7367253
File /Users/sourabhupadhye/opt/anaconda3/lib/python3.8/site-packages/django/contrib/auth/migrations/0004_alter_user_username_opts.py first seen with mtime 1617296025.567411
File /Users/sourabhupadhye/opt/anaconda3/lib/python3.8/site-packages/django/contrib/sessions/exceptions.py first seen with mtime 1617296026.653563
File /Users/sourabhupadhye/opt/anaconda3/lib/python3.8/site-packages/django/contrib/auth/migrations/0007_alter_validators_add_error_messages.py first seen with mtime 1617296025.569402
File /Users/sourabhupadhye/opt/anaconda3/lib/python3.8/site-packages/django/contrib/contenttypes/migrations/0002_remove_content_type_name.py first seen with mtime 1617296025.7371562
File /Users/sourabhupadhye/opt/anaconda3/lib/python3.8/site-packages/django/contrib/sessions/backends/__init__.py first seen with mtime 1617296026.6553342
File /Users/sourabhupadhye/DJango_proprac/middlewareProject1/testApp/middleware.py first seen with mtime 1620156891.844923
File /Users/sourabhupadhye/opt/anaconda3/lib/python3.8/site-packages/django/conf/urls/__init__.py first seen with mtime 1617296024.6811075
File /Users/sourabhupadhye/opt/anaconda3/lib/python3.8/site-packages/django/contrib/sessions/middleware.py first seen with mtime 1617296026.6540644
File /Users/sourabhupadhye/DJango_proprac/middlewareProject1/testApp/migrations/__init__.py first seen with mtime 1620152577.9452338
File /Users/sourabhupadhye/opt/anaconda3/lib/python3.8/site-packages/django/contrib/auth/middleware.py first seen with mtime 1617296025.4116302
File /Users/sourabhupadhye/opt/anaconda3/lib/python3.8/site-packages/django/contrib/admin/migrations/0001_initial.py first seen with mtime 1617296025.092833
File /Users/sourabhupadhye/opt/anaconda3/lib/python3.8/site-packages/django/contrib/auth/migrations/0011_update_proxy_permissions.py first seen with mtime 1617296025.5712504
File /Users/sourabhupadhye/opt/anaconda3/lib/python3.8/site-packages/django/contrib/auth/migrations/0008_alter_user_username_max_length.py first seen with mtime 1617296025.5698411
File /Users/sourabhupadhye/opt/anaconda3/lib/python3.8/site-packages/django/contrib/admin/migrations/0003_logentry_add_action_flag_choices.py first seen with mtime 1617296025.0937445
File /Users/sourabhupadhye/DJango_proprac/middlewareProject1/middlewareProject1/wsgi.py first seen with mtime 1620152563.6244776
File /Users/sourabhupadhye/opt/anaconda3/lib/python3.8/site-packages/django/db/migrations/recorder.py first seen with mtime 1617296027.087857
File /Users/sourabhupadhye/opt/anaconda3/lib/python3.8/site-packages/django/contrib/auth/migrations/0010_alter_group_name_max_length.py first seen with mtime 1617296025.570783
File /Users/sourabhupadhye/opt/anaconda3/lib/python3.8/site-packages/django/contrib/auth/migrations/__init__.py first seen with mtime 1617296025.5719955
File /Users/sourabhupadhye/opt/anaconda3/lib/python3.8/site-packages/django/contrib/sessions/migrations/__init__.py first seen with mtime 1617296026.792361
File /Users/sourabhupadhye/opt/anaconda3/lib/python3.8/site-packages/django/contrib/auth/migrations/0002_alter_permission_name_max_length.py first seen with mtime 1617296025.5660613
File /Users/sourabhupadhye/opt/anaconda3/lib/python3.8/site-packages/django/contrib/auth/migrations/0005_alter_user_last_login_null.py first seen with mtime 1617296025.5679352
File /Users/sourabhupadhye/opt/anaconda3/lib/python3.8/site-packages/django/contrib/admin/views/main.py first seen with mtime 1617296025.2168548
File /Users/sourabhupadhye/opt/anaconda3/lib/python3.8/site-packages/django/contrib/sessions/backends/base.py first seen with mtime 1617296026.6560261
File /Users/sourabhupadhye/opt/anaconda3/lib/python3.8/site-packages/django/contrib/contenttypes/migrations/__init__.py first seen with mtime 1617296025.7374659
File /Users/sourabhupadhye/opt/anaconda3/lib/python3.8/site-packages/django/contrib/auth/migrations/0009_alter_user_last_name_max_length.py first seen with mtime 1617296025.5703523
File /Users/sourabhupadhye/opt/anaconda3/lib/python3.8/site-packages/django/contrib/sessions/migrations/0001_initial.py first seen with mtime 1617296026.7920818
File /Users/sourabhupadhye/opt/anaconda3/lib/python3.8/site-packages/django/contrib/admin/templatetags/base.py first seen with mtime 1617296025.213871
File /Users/sourabhupadhye/opt/anaconda3/lib/python3.8/site-packages/django/contrib/admin/templatetags/admin_list.py first seen with mtime 1617296025.2121797
File /Users/sourabhupadhye/opt/anaconda3/lib/python3.8/site-packages/django/middleware/clickjacking.py first seen with mtime 1617296027.1812296
File /Users/sourabhupadhye/opt/anaconda3/lib/python3.8/site-packages/django/db/migrations/loader.py first seen with mtime 1617296027.0848777
Exception while resolving variable 'name' in template 'unknown'.
Traceback (most recent call last):
  File "/Users/sourabhupadhye/opt/anaconda3/lib/python3.8/site-packages/django/core/handlers/exception.py", line 47, in inner
    response = get_response(request)
  File "/Users/sourabhupadhye/opt/anaconda3/lib/python3.8/site-packages/django/core/handlers/base.py", line 167, in _get_response
    callback, callback_args, callback_kwargs = self.resolve_request(request)
  File "/Users/sourabhupadhye/opt/anaconda3/lib/python3.8/site-packages/django/core/handlers/base.py", line 290, in resolve_request
    resolver_match = resolver.resolve(request.path_info)
  File "/Users/sourabhupadhye/opt/anaconda3/lib/python3.8/site-packages/django/urls/resolvers.py", line 576, in resolve
    raise Resolver404({'tried': tried, 'path': new_path})
django.urls.exceptions.Resolver404: {'tried': [[<URLResolver <URLPattern list> (admin:admin) 'admin/'>], [<URLPattern '$/'>]], 'path': ''}

During handling of the above exception, another exception occurred:

Traceback (most recent call last):
  File "/Users/sourabhupadhye/opt/anaconda3/lib/python3.8/site-packages/django/template/base.py", line 829, in _resolve_lookup
    current = current[bit]
TypeError: 'URLResolver' object is not subscriptable

During handling of the above exception, another exception occurred:

Traceback (most recent call last):
  File "/Users/sourabhupadhye/opt/anaconda3/lib/python3.8/site-packages/django/template/base.py", line 837, in _resolve_lookup
    current = getattr(current, bit)
AttributeError: 'URLResolver' object has no attribute 'name'

During handling of the above exception, another exception occurred:

Traceback (most recent call last):
  File "/Users/sourabhupadhye/opt/anaconda3/lib/python3.8/site-packages/django/template/base.py", line 843, in _resolve_lookup
    current = current[int(bit)]
ValueError: invalid literal for int() with base 10: 'name'

During handling of the above exception, another exception occurred:

Traceback (most recent call last):
  File "/Users/sourabhupadhye/opt/anaconda3/lib/python3.8/site-packages/django/template/base.py", line 848, in _resolve_lookup
    raise VariableDoesNotExist("Failed lookup for key "
django.template.base.VariableDoesNotExist: Failed lookup for key [name] in <URLResolver <URLPattern list> (admin:admin) 'admin/'>
Not Found: /
"GET / HTTP/1.1" 404 2035
File /Users/sourabhupadhye/opt/anaconda3/lib/python3.8/site-packages/django/contrib/messages/storage/fallback.py first seen with mtime 1617296026.3100157
File /Users/sourabhupadhye/opt/anaconda3/lib/python3.8/site-packages/django/contrib/sessions/serializers.py first seen with mtime 1617296026.6549504
File /Users/sourabhupadhye/opt/anaconda3/lib/python3.8/site-packages/django/contrib/messages/storage/base.py first seen with mtime 1617296026.3080943
File /Users/sourabhupadhye/opt/anaconda3/lib/python3.8/site-packages/django/contrib/messages/utils.py first seen with mtime 1617296026.3038976
File /Users/sourabhupadhye/opt/anaconda3/lib/python3.8/site-packages/django/contrib/messages/storage/cookie.py first seen with mtime 1617296026.3091013
File /Users/sourabhupadhye/opt/anaconda3/lib/python3.8/site-packages/django/contrib/messages/storage/session.py first seen with mtime 1617296026.3108773
"GET /$/ HTTP/1.1" 200 33
